2017_11_07_13_10_50
******Input Information******
Top-10 Bootstrap
Train File1:	data/UC/GSE12251/GSE12251_data.txt
Train File2:	data/UC/GSE14580/GSE14580_data.txt
Network File:	data/kb/string.ents | data/kb/string.rels
Random Edge:	false
Edge Selected:	(standard)All
*****************************
eNum: 177450
data/UC/GSE12251/GSE12251_data.txt raw data have 15262 labels.
data/UC/GSE14580/GSE14580_data.txt raw data have 15595 labels.
selected data have 5578 labels.
Edge number: 15270
standardize end
GNAT3
GNA11
GNA12
GNA13
GNA15
GNAI1
GNAI2
GNAI3
GNAO1
GNAQ
GNAT1
GNAT2
GNA14
LRP2
INSR
AMN
IGF1
PMP22
TARDBP
STAT1
IL6
CDKN1A
CDKN1B
CXCL8
CDK2
UBE2C
CRY2
SKP1
CUL1
CLOCK
ARNTL2
TTBK2
CSNK1A1
CSNK1D
BTRC
TIMELESS
VRK1
VRK2
ARNTL
TTBK1
WDR64
RBX1
CSNK1A1L
FBXW11
NR3C1
SERPINE1
NPAS2
CRY1
VRK3
IFNB1
IRF8
IFITM1
GBP2
OAS1
IRF1
OAS2
OAS3
IRF2
IRF3
PDCD1
IRF4
PTGES2
IRF5
IRF6
IRF7
XAF1
ISG20
IFITM2
RNASEL
CEBPB
HLA-A
HLA-B
HLA-C
ISG15
EGR1
IFI35
ADAR
IFI6
IFIT2
IFIT1
IFITM3
CREBBP
IFIT3
EP300
FOS
TP53
STAT2
IP6K2
MX1
MX2
OASL
IFNAR1
IFNAR2
REG4
TAC1
RSG1
KRAS
EXOC6
RALA
MYH1
RALB
MYH2
RERG
MYH4
RAB11B
RRAS2
MYH6
MYH7
RAP1A
MYH8
MYH9
RAP1B
MYH10
MYH11
RAP2A
RAB25
MRAS
RAP2B
REM1
ARL16
NRAS
DIRAS1
MYH13
RHOD
MYO1C
MYO5A
MYO5B
RHOJ
MYH7B
ARL11
RHOBTB3
LRRK2
RAB11A
MYO18A
EXOC3
DNAJC27
ARL9
RASL12
RRAD
RRAS
RAB14
GEM
RHOU
SLC2A4
DIRAS3
ARF3
RHEB
MYO5C
ARF4
ARL4D
ARF5
RIT2
RIT1
ARL5C
RHOA
RHOB
RHOC
ARL6
RND3
RHOG
RASL10A
RHOQ
ARL4C
ARL4A
RHOH
ARL1
EXOC5
ARL5B
RABL2A
RND1
ARL10
TBC1D4
RHOBTB1
RERGL
MYH14
RHOV
RASL11A
TBC1D1
RHEBL1
EXOC3L4
RHOBTB2
EXOC6B
HRAS
ERAS
RAB2B
RASD1
RASL11B
MYH15
EXOC3L1
EXOC1
TNFAIP2
RND2
EXOC2
EXOC3L2
MYO18B
EXOC7
RAP2C
RAB2A
CDC42
REM2
RHOF
DIRAS2
ARL14
RAC1
RAC2
RAC3
EXOC4
RASD2
RIPK2
SMARCA2
RIPK4
TAF1
ASH1L
SNAI1
SMC2
ESPL1
RB1
NCAPH2
NCAPG2
AURKB
NCAPD3
CSH1
HAND2
ASCL1
ADSS
SNAP23
STX2
BET1L
STX8
STX19
VTI1A
STX1A
BNIP1
SNAP25
STX3
STX4
STX18
STX7
STX16
STX11
STX10
STX17
BET1
USE1
STX1B
STX6
TSNARE1
STX12
VTI1B
SNAP29
STX16-NPEPL1
CDC20B
CCNG1
CCNO
CCNG2
CCNI
CCNB3
CCNI2
ANAPC5
CCNB2
FZR1
CDC16
ANAPC10
ANAPC4
CDC23
ANAPC2
CCNB1
BUB1B
CNTD2
CDC20
NFKB2
DKK1
SPTAN1
STK32A
CDK16
CDK17
CDK18
AKT3
SIRT2
RPS6KA4
RPS6KA5
CDK15
SGK1
RPS6KA1
RPS6KA2
RPS6KA3
RPS6KB1
STK32B
RPS6KB2
RPS6KA6
NKX2-5
PRKCA
PRKCB
PRKCD
PRKCE
PRKCG
AKT1
PRKCH
AKT2
PKN1
PKN2
PRKCQ
CDK1
STK32C
SIRT7
SIRT6
DRAP1
CDK14
GSC
MEF2C
SIRT5
SIRT4
SIRT3
SIRT1
PKN3
SMAD2
SMAD3
SMAD4
SGK494
CDK4
CDK5
CDK6
SGK2
DMTF1
EHMT1
POTEE
CDC5L
POTEJ
SNAPC4
TTF1
EHMT2
POTEF
MYB
HACE1
MYBL1
MYBL2
PLK2
PLK1
PLK5
PLK4
PLK3
SYK
LYN
FCER1A
MS4A2
FCER1G
KDELR2
KDELR3
COPA
CLTA
CLTB
KDELR1
ARF6
NUP98
RGPD1
NUP133
RGPD4
NUP43
TPR
SEH1L
NUP50
RANBP2
NUP62
NUP214
AAAS
NUP188
NUP93
NUPL2
NUP155
NUP85
RAE1
NUP107
NUP37
NUP62CL
NUP160
NUP153
NUP35
RGPD3
NUP210
NUP54
NUP205
NCOA5
NUP88
ACTL7B
ACTL7A
ACTC1
ACTR1B
ACTG2
ACTR1A
WASL
NCK1
ACTRT2
ACTL6B
ACTR8
ABI1
ACTL6A
ACTL9
ACTR3B
WAS
ACTRT1
ACTL8
PDGFB
NCKAP1
ACTRT3
BRK1
PDGFRB
ACTR3C
ABI2
WASF1
ACTR3
ACTR2
ACTR10
GAB1
ACTL10
ACTBL2
NCK2
WASF3
ACTA1
ACTA2
ACTB
SEMA7A
FOXJ2
SMG1
FOXR1
FOXK2
FOXQ1
ATR
HIPK1
PDPK1
RPS6
INSRR
FOXB2
HMGN1
TSC1
TSC2
FOXN3
DYRK4
FOXA1
PPP5D1
FOXA3
TRRAP
ADCY1
ADCY2
ADCY3
ADCY5
ADCY6
ADCY7
ADCY8
ADCY9
MAP3K1
MAP3K3
MAP3K5
FOXD4L5
CNOT6
PHC3
MAPK12
FOXL2
PIK3C2A
PIK3C2B
PIK3C2G
FOXD4L3
PIK3C3
UBE3A
PIK3CA
PIK3CB
PIK3CD
PIK3CG
RPTOR
PPP1R1B
PHLPP1
FOXO4
MAP3K15
CREB3L3
GNB2
MLST8
GNB3
HERC6
FOXH1
FOXK1
FOXG1
FOXF1
FOXF2
CREB3
FOXC1
FOXD4
FOXI1
MAP3K19
FOXL1
CREB3L2
DYRK3
FOXE3
DYRK2
FOXJ1
REV1
FOXC2
FOXP3
FOXE1
FOXM1
FOXD2
FOXS1
FOXO1
FOXO3
FOXN1
ADCY4
FOXN2
NPR1
NPR2
NPR3
FOXO6
HIPK4
FOXP2
WEE1
FOXN4
DYRK1A
HIPK2
RICTOR
PPEF2
PPEF1
CREB3L4
FOXJ3
MAP3K6
CREB1
ATF2
FOXR2
CREB5
GSK3A
GSK3B
PKMYT1
HIPK3
PPP2CA
PPP2CB
FOXD3
FOXB1
FOXP4
PPP2R5A
PPP2R5B
PPP2R5C
MAPK14
IGF1R
PPP2R5D
PPP2R5E
MAPK15
PPP3CA
PPP4C
PPP3CB
PPP3CC
PPP5C
GUCY1A2
GUCY1A3
GUCY1B3
GUCY2C
GUCY2F
MTOR
HECTD2
GUCY2D
EIF4EBP1
DYRK1B
FOXI2
FOXP1
WEE2
GNB4
ATF1
ATF4
PRKDC
MAPK1
MAPK3
MAPK4
MAPK6
MAPK7
MAPK11
MAPK13
MAP2K1
MAP2K2
MAP2K5
HERC4
HERC5
MAP3K2
DVL2
DVL3
PDE6G
PDE6H
DVL1
HTR1A
GDF5
ERCC6L2
SMARCA1
ERCC6L
SMARCA5
BTAF1
CHD1L
ERCC6
ARPC5
ARPC2
ARPC3
ARPC1B
FAT4
ZEB1
DCHS2
UBTF
LEP
PCK1
PLIN1
CD36
FABP4
LPL
ANGPTL4
ADIPOQ
CEBPA
RBPJL
ARTN
RBPJ
LRGUK
STK38
BAX
SHH
TGFBR2
JUN
PPP2R1A
PPP2R1B
PPP2R2A
MYOCD
PPP2R2B
PPP2R2C
CTGF
CCND1
LATS1
LATS2
AMOTL2
WWOX
STK38L
SMAD1
TP53BP2
AMOTL1
ANKHD1-EIF4EBP3
SMAD5
PML
PPP1CA
PPP1CB
PPP1CC
SMAD9
NFYB
HIST4H4
CENPA
ETS2
HIST3H3
HIST1H3J
HIST1H3H
HIST1H4F
H3F3A
HIST1H4C
HIST2H3D
HIST1H4B
H3F3C
COX4I2
HIST1H3D
ME1
EPO
EHHADH
IL4
NR1H3
APOA1
APOA2
ELK1
EPAS1
ACOX1
HIF1A
ARNT
FABP1
STAT6
CPT1A
HSD17B4
NLGN2
NLGN1
NLGN4Y
NLGN3
IFNG
IL2
PIF1
ESR1
NCOA3
CHUK
PPARA
TNFRSF9
BCL2
BCL2L1
BAD
PARP1
INS
CXCR5
CCR2
CXCR6
AVPR1A
AVPR1B
CCR10
AVPR2
CXCR4
XCR1
CCR1
RXFP4
CCR3
CCR4
CXCR3
CCR5
CCR6
CCR9
CCR7
CX3CR1
TNF
CCR8
CXCR1
RXFP3
CXCR2
MAP2K7
TBPL2
NFYC
HMGB1
HMGB2
HMGB3
CHRAC1
TOX
SPOCK1
TOX2
TFAM
TBPL1
HMGB4
HIRA
HMG20B
HMG20A
TOX3
TBP
PLXNB1
PLXNB2
PLD1
PLD2
ERBB2
TIMP2
MMP2
ANGPT1
VEGFA
MMP9
EIF2S3
EIF2S1
EIF2S2
EIF5
GPC1
TEK
NGFR
PDGFRA
EGFR
KIT
MET
KDR
FLT1
EPHA2
FLT4
FGFR1
FGFR3
FGFR2
FGFR4
CSF1R
PBX2
PBX3
KCND2
PBX4
PBX1
NR1I2
FZD1
FZD4
FZD6
FZD7
FZD8
FZD9
FZD2
FZD3
FZD10
FZD5
NOTCH1
NOTCH2
NOTCH3
NOTCH4
MFN2
SLC7A1
STK3
STK4
MAGI1
CDKN3
PTPDC1
AREL1
DUSP23
ITCH
NEDD4L
HECW1
LIMD1
UBR5
HECTD3
MAP4K3
YAP1
MAP3K8
MAP4K5
HECW2
MAP4K1
WWP1
WWP2
STK26
UBE3B
BAG3
PRKACA
PRKACB
PRKACG
SMURF1
MAGI3
GAS7
WWTR1
PRKG1
PRKG2
UBE3C
HUWE1
HERC1
AJUBA
HECTD1
TRIP12
CDC14B
CDC14A
STK24
PRKX
SMURF2
MAP4K2
CUX1
WWC1
STK25
NEDD4
RFNG
MFNG
DLL1
LFNG
MESP2
JAG1
DLL3
PTCH2
WNT5B
DLK2
WNT10A
MYD88
LRP6
BAMBI
SOST
SFRP1
SFRP2
SFRP4
SFRP5
WNT4
PTCH1
NUMBL
WNT1
WNT2
WNT5A
WNT6
WNT7A
WNT3A
KREMEN2
WNT7B
WNT8A
WNT8B
WNT16
WNT10B
TLR2
WNT11
WNT2B
WNT9A
WNT9B
WIF1
SEMA3A
SEMA3F
SEMA3D
AR
SEMA3C
NR2F2
SEMA3G
SEMA3E
RAB13
RAB10
RAB8A
LNPEP
APPL1
VAMP2
CD180
CD14
LY96
TLR4
RFWD2
JUNB
JUND
MPHOSPH8
IL17A
MAPK8
MAPK9
MAPK10
STAT3
TRAF2
TRAF6
TNFSF11
TXNRD1
GLIPR1
CARM1
ACSL1
CYP1A1
RGL1
SP1
GTF2A1
GTF2E1
PPARGC1B
GRHL1
GTF2F1
ABCA1
GTF3A
TRIB3
ACADM
NRF1
SULT2A1
APOA5
CYP4A11
CYP7A1
FDFT1
MYOG
SLC27A1
G0S2
AGT
ANKRD1
NFYA
SREBF2
UGT1A9
ALAS1
HMGCR
HMGCS1
HMGCS2
PEX11A
CPT2
KLK3
FHL2
KLK2
TNFRSF21
GADD45A
TIAM2
PLIN2
ABCB4
CDH1
MCL1
PITX1
GNAL
ARRB2
ADRBK2
HOXC8
IVL
MYC
MAPKAP1
THBD
MGP
TIMP1
SPRR1B
PIM1
NFE2L2
FOSL2
MAX
CCL2
PLAU
PLAUR
MMP1
HMOX1
RUNX2
DCN
ITGB4
NOS3
CCNA2
FOSL1
ITPR1
ITPR2
ITPR3
DUSP12
DUSP13
DUSP26
DUSP28
DUSP18
PTTG1
EPM2A
STYX
DUSP21
SSH1
DUPD1
STAG1
SMC3
SSH3
KHDC3L
DUSP1
SMC1A
DUSP2
DUSP3
DUSP4
DUSP5
DUSP6
DUSP16
DUSP7
SMC6
DUSP9
SMC4
RAD21L1
STYXL1
DUSP27
DUSP15
DUSP19
DUSP10
SSH2
PTEN
SMC5
TNS1
DUSP22
STAG3
STAG2
TNS3
SMC1B
PTTG2
RAD21
LTA
TNFSF14
ITGA2B
CD81
ARPC5L
PFN4
PFN1
PFN2
IQGAP2
ARPC4
IQGAP3
ARPC1A
IQGAP1
TMPRSS2
GLI3
TERT
GLI1
PAXIP1
MDC1
NCBP2
HDAC9
SRRM1
RAN
GEMIN7
MAGOH
SRSF1
SRSF3
SRSF4
SRSF5
SRSF6
HDAC4
SRSF7
CDC40
GEMIN2
RNPS1
SUMO1
POLDIP3
DHX38
EIF4E
NXF5
NFX1
NXF3
GEMIN4
GEMIN5
U2AF2
SLBP
ALYREF
NCBP1
SRSF11
DDX20
UPF3B
GEMIN6
SNUPN
XPO1
CPSF2
PHAX
MDM2
SNRPB
SNRPD1
SNRPD2
SNRPD3
SNRPE
CPSF3
SNRPF
SNRPG
NXF1
HDAC1
KPNB1
KPNA2
DOCK3
E2F1
TFDP1
TFDP2
NCKAP1L
CYP2E1
CYP3A4
CYP1A2
THRSP
DOCK1
DOCK2
DOCK5
DOCK4
HCK
FGR
PLVAP
BMP2
SHOX2
LHX2
BMP4
FGF10
PAX3
PAX6
PAX7
LHX9
IHH
DHH
STOML1
NDUFAF6
MSX2
DSC2
DSC3
AIRE
MCM2
DSG4
SPRY1
FGF8
NOG
ADAMTS4
ADAMTS3
ACAN
APBB1
EPHB2
TUBB1
TBC1D8
TBC1D16
TBC1D13
TUBB6
TUBA1B
USP6
TUBB3
TUBB4A
TUBB4B
MAP2K4
TBC1D15
TBC1D9B
SGSM1
GRTP1
TBC1D30
TUBA1A
TUBG2
CLK3
TUBA3D
SGSM2
RABGAP1L
TUBA1C
TBC1D2
TBC1D14
TBC1D2B
TUBB
TBC1D12
CHEK2
DCLK3
TBC1D28
MAP3K11
TUBA3E
TBC1D25
TUBB2B
DCLK2
SGSM3
TUBA8
CDC25A
CDC25B
CDC25C
TBC1D29
CDC27
TBC1D8B
TUBD1
TUBE1
TBC1D21
TUBA4A
TUBA3C
USP6NL
TUBB2A
DCLK1
TUBG1
TUBAL3
TBC1D17
TBC1D9
TBC1D26
PCNA
ITGA8
IGDCC3
ROBO1
ROBO2
IGSF9B
NEUROD1
ABL1
ABL2
ROBO3
ITGA5
ITGA9
YES1
FYN
SRC
ID4
COL2A1
COL3A1
COL4A1
COL4A2
COL4A3
COL4A4
COL4A5
COL4A6
COL5A1
SLIT2
COL5A2
COL6A1
COL6A2
COL24A1
COL6A3
LAMB4
THBS1
PTPN6
RELN
THBS2
THBS3
THBS4
PTPN11
COL11A1
VWF
COMP
FN1
COL6A6
SPP1
TNC
TNN
COL27A1
IBSP
SLIT1
SLIT3
LAMA1
LAMA2
LAMA3
LAMA5
LAMB1
LAMB2
LAMB3
LAMC1
CHAD
COL5A3
LAMC2
COL6A5
LAMC3
BCAR1
TNR
PTK2
CRK
CRKL
COL1A1
COL1A2
IRF9
SETD1A
SETD1B
CDK2AP1
FGF2
GRAP2
GRAPL
GRB2
CCDC88B
GRAP
XRCC1
PADI4
CASP1
CASP2
CASP3
CASP4
CASP5
CASP6
CASP7
CASP8
CASP9
CASP10
EIF1AX
HTT
ROCK2
ROCK1
CTNNA1
CTNNB1
CTNND1
SCIN
VCL
TLN1
GSN
STAT4
STAT5A
CFLAR
EZR
BIRC2
BIRC3
TRADD
SMPD1
PTPN13
TNFRSF10D
TNFRSF10C
TNFRSF10B
TNFRSF1A
TNFRSF10A
IKBKB
RIPK1
CRADD
FAS
IL1RAP
FASLG
MAP4K4
TIRAP
MADD
CLTC
BID
MPL
TYK2
GHR
IL10RA
IFNGR1
IFNGR2
JAK2
IL20RA
EPOR
IL12B
LIFR
IL20RB
IL12RB1
IL12RB2
IL13RA1
IL15RA
IL22RA2
OSMR
CSF2RA
MGMT
CSF2RB
IL1B
CSF3R
IL2RA
IL2RB
IL23A
IL22RA1
IL2RG
IL3RA
CRLF2
IL4R
IL5RA
LEPR
IL6R
IL23R
IFNLR1
IL6ST
CNTFR
IL7R
IL21R
IL9R
JAZF1
ITLN1
GCG
CXCL12
ATIC
MMP3
PRKAA1
PRKAA2
SORT1
NGF
CSF1
ADCY10
TBXA2R
CACNA1A
CACNA1B
CACNA1C
CACNA1D
CACNA1S
DRD2
DRD3
DRD4
HTR1B
PDE6A
HTR1E
PDE6C
HTR1F
HTR5A
HTR7
RASGRF1
RASGRF2
PDE6B
KCNJ3
PIK3R2
KCNJ5
SCN1A
KCNJ9
PIK3R3
MTNR1A
MTNR1B
PLCB1
PLCB2
PLCB3
GABBR2
CHRM2
PREX1
CHRM4
PIK3R5
CNR1
ADCYAP1R1
OPRM1
GTF2B
SMARCC1
PRL
PCK2
TFF1
VDR
MAP3K7
ARHGEF4
BRPF3
SETMAR
ATRX
EP400
UBD
BAZ2B
WHSC1
SMYD1
SETD8
CECR2
SMARCAL1
UBL4B
NSD1
BAZ1B
UBL4A
CHD9
PHF7
CHD8
CHD1
SMYD5
CHD2
BRD3
CHD3
CHD4
CHD7
KAT2A
RAD54L2
KMT2E
EZH1
EZH2
C17orf64
TRIM24
SUV39H2
WDR59
ZFAND4
ZRANB3
SMYD2
WHSC1L1
BPTF
SMYD4
KMT2C
SETDB1
SETDB2
SETD2
KAT2B
UBB
UBC
KMT2D
FAU
PBRM1
BRD2
BRDT
BAZ2A
BAZ1A
BRD4
SUV39H1
SETBP1
PHF11
RAD54B
SHPRH
HLTF
KMT2A
SMARCD1
SMARCD2
SMARCD3
CHD6
SETD7
BRD1
RAD54L
HELLS
BRWD1
FADD
TNFSF10
CHEK1
HSF1
CYR61
GLI2
CDH2
DCLRE1C
TRIM28
KLF4
HSPA12B
RPA1
RPA2
RPA3
HSPA1A
HSPA4L
HSPA1B
HSPA1L
HSPA2
HSPA4
CCAR2
HSPA5
HSPA6
HSPA14
HSPA9
HSBP1
HSPA12A
PRNP
HSPH1
ANKRD45
HSPA13
RPS19BP1
RAD51
RAD51C
DDX58
RAD51B
RAD51D
DMC1
XRCC3
CBL
CBLB
CBLC
GRWD1
ST8SIA2
NPY
CACNA1I
TBX1
PDPN
SLK
TGFB1
TYROBP
CSF2
ACACB
ASPG
UCKL1
MIB1
IRAK4
TREM1
TOLLIP
ANKRD17
REL
RELA
PRKD1
TLR9
ZDHHC17
IL1A
DDX41
IL1RN
ZDHHC13
PRKAG3
BRSK2
PRKAG1
ZNF622
CAMKK2
PRKAG2
CAMKK1
BRSK1
CIITA
PAK1
CAPN1
CAPN2
NDEL1
OSBPL7
OSBPL6
OSBP2
OSBPL2
OSBPL1A
OSBP
OSBPL3
TRH
SP6
FST
INHBA
FGF3
INHBB
INHBC
GNRH1
GNRHR
INHBE
EDN1
PAX2
SST
DDX39A
NTRK1
NTRK2
VCAM1
NTRK3
SOCS3
KITLG
PAK2
PAK3
VLDLR
EFNB1
EFNB2
PAK6
EFNB3
PAK7
PAK4
LRP8
DDX50
DDX21
KCTD19
SRPK1
DDX27
SRPK2
EIF4A3
SRPK3
GPR149
DDX1
DDX18
DDX59
DDX17
DDX10
TDRD12
NEUROG2
MYOD1
SIVA1
TCF3
BLK
JAK1
MST1R
JAK3
ERBB3
FLT3
ERBB4
CD3D
BMX
CD3E
CD3G
CD247
CD8A
CD8B
TIE1
CSK
PDGFRL
MATK
HLA-DRB1
BTK
B2M
GAB4
RASGEF1B
STYK1
SRMS
GAB3
FGFRL1
LTK
RET
LCK
TEC
ALK
ZAP70
GAB2
ITK
PTK6
RASGRP2
TXK
SOS1
SOS2
GABARAPL2
MAP1LC3C
URM1
ATG12
ATG3
GABARAP
MAP1LC3A
GABARAPL1
MAP1LC3B
SPI1
CLPB
PBK
ZAK
MAP3K9
MAP3K10
TRAF7
MLKL
LRRK1
RIPK3
KIAA1804
DSTYK
MOS
SNX27
BAK1
BCL2A1
BOK
BCL2L2-PABPN1
BCL2L14
APAF1
RASA1
PTPRB
FKBP9
OBSCN
FKBP10
FKBP7
FKBP11
FKBP2
FKBP14
ITGAV
JUP
UPRT
ILK
MYLK
MYLK3
PPP1R12A
MYLK2
PPP1R12C
MYLK4
TBX21
MBTPS1
POU4F1
ADAM17
PAX5
TNFRSF11A
NFATC3
CTSK
CXCL10
PTH
ANXA2
IL33
PTHLH
PTGDR2
TNFRSF11B
IL22
TLR3
RAB5A
RAB5B
PPP2R3B
PPP2R3A
OXTR
PPP2R3C
CAMK2A
CAMK2B
CAMK2D
CAMK2G
CNPPD1
ORC1
RNF7
CACUL1
XPO5
XPO6
CTR9
KDM2B
FBXL17
E2F2
E2F3
KDM2A
E2F4
E2F5
E2F6
YWHAQ
FBXL19
CDC6
FBXL20
FBXL2
YWHAB
YWHAE
YWHAG
YWHAH
YWHAZ
FBXL6
SFN
FBXL4
EFCAB2
CABP1
EFCAB9
CABP2
TNNC2
CALML4
OCM2
CABP5
ARPC4-TTLL3
CALB1
KIFC3
EFCAB3
CALB2
CABP7
EFCAB11
TNNC1
OCM
SCGN
CALML5
EFCAB6
CALM1
CALM2
EFCAB7
CALM3
CALML6
CALML3
SPATA21
KIFC2
CABP4
CALN1
PVALB
KIFC1
EFCAB13
TGFB3
NPPA
ROR2
PTK7
PMS2
TRIO
NET1
MYO9A
MYO9B
PDLIM7
RAB8B
MCF2L2
ARHGEF38
MCF2
PARD6G
NCF4
ARHGEF11
ARHGEF16
PARD6B
MYO3A
RAB28
NF1
PDLIM3
PARD6A
RALBP1
MYO3B
PIP4K2A
LPXN
ARHGEF9
NGEF
PIP5KL1
DIAPH1
DIAPH2
PXN
PIP5K1A
PIP5K1B
RAB40B
DIAPH3
ARHGEF37
DNMBP
PDLIM2
RAB12
ARHGEF19
ARHGEF28
KALRN
ITSN1
ARHGEF12
RAB40A
PIP5K1C
RAB44
PREX2
PDLIM5
ARHGEF15
PDLIM4
TGFB1I1
PIKFYVE
ARHGDIA
ARHGDIB
ARHGDIG
SH3PXD2B
LDB3
ARHGEF35
PDLIM1
SH3PXD2A
ITSN2
RAB40C
RASEF
RAB15
AKAP13
ARHGEF3
PIP4K2C
ARHGEF26
SPATA13
SATB2
NTN3
MNX1
UNC5C
NTN1
NRP1
ATM
TP53BP1
HELZ2
NCOA2
TBL1XR1
NCOA1
NCOA6
TBL1X
TGS1
MED1
RNF8
H2AFX
CDKN2D
MRE11A
NBN
BRCA1
CREM
CAMK4
USP18
ANXA1
IFNA2
TRAF3
MAP2K6
SREBF1
GAP43
KCNH2
S1PR1
ICAM1
SCAP
NSMAF
SMPD3
PIM2
TSSK2
TSSK1B
MELK
TSSK4
STK11
PIM3
TRIB1
TRIB2
STK40
HUNK
TSSK3
NIM1K
UNC13B
PDE3A
NPAS3
PFKFB2
NR4A1
TRIP10
HSP90AA1
NPAS1
HSP90AB1
RAF1
BCL2L11
AKT1S1
S1PR3
SLC2A1
CDC37
TCL1B
THEM4
TCL1A
CRTC2
SMAP1
NCALD
VSNL1
ADAP1
EFCAB1
RCVRN
KCNIP3
KCNIP2
KCNIP1
NCS1
ZNF705D
ZNF705G
HPCA
GUCA1C
GUCA1A
GUCA1B
HPCAL1
ARFGAP1
KCNIP4
ZNF705B
SMAP2
HPCAL4
ADAP2
MAGI2
PARD3
CDKN1C
CCNH
NMI
WT1
CCNA1
ANAPC11
ELAVL1
CTBP2
KDM8
SIX1
KDM4B
STAT5B
CDK7
GATA2
EPHA6
EPHB3
EPHB4
EPHA10
EPHA1
EPHA3
EPHA4
EPHA5
EPHA7
EPHA8
GJA1
MYF5
PPARG
BHLHE41
GDF15
BDNF
NR5A2
EYA4
TSHZ2
EYA1
EYA2
TLX1
HOXA2
LMO4
VAMP8
VAMP4
VAMP5
SEC22A
VAMP1
YKT6
VAMP3
VAMP7
SEC22C
AXIN2
PPM1D
PPM1F
PPM1E
PPM1L
TAB1
PPM1K
PP2D1
NLK
ILKAP
GH1
CCNE1
FBXO43
FBXO5
PER3
PER2
CCNE2
APC
IL15
MITF
SNAI2
MEOX2
ZEB2
PDGFA
ELMO1
ELMO3
ELMO2
POLA2
MCM8
MCM3
MCM4
MCM5
POLA1
MCM6
MCM7
POLD1
POLE
POLE2
MCMDC2
PRIM1
MCM9
REV3L
PLXND1
ATP7A
ATP7B
PIN1
EIF4B
TNFRSF12A
KL
EDNRB
FGF23
CHN1
GPLD1
ARHGAP1
ARHGAP5
ARHGAP6
ARFGAP3
NCF2
ASAP2
ASAP1
ARAP1
ARAP2
APPBP2
SPAG1
TTC24
NWD1
SGTB
TTC28
TTC16
EML4
DYX1C1
SGTA
GNB1L
EML6
KLC2
BBS4
IFIT5
KLC4
TTC4
DDB2
WDFY2
BRWD3
TTC6
TTC19
CCNF
TMTC1
NWD2
NPHP3
PPP3R1
PPP3R2
TMTC3
CDC26
WDR20
IFIT1B
TTC32
FKBPL
TOMM34
IFT122
TTC13
IFT80
MAD2L2
BUB3
DMWD
ANAPC7
KDM6A
UTY
TBL2
MAD2L1
WDFY1
KLC3
ANAPC13
KLC1
SIX3
TGM2
RNF144A
TAF1B
TAF1A
HMMR
CD40
PPIB
MND1
TEX15
UBE2U
UBE2A
UBE2B
PSMC3IP
HOXD3
SCARB1
SAR1B
SAR1A
PGF
TRPC1
TRPC6
NNAT
PPP1R13B
CSE1L
LOXL2
GNAS
CCND3
MYL2
IL18RAP
IL12A
IL18R1
IL18
MAP3K4
TNFSF18
NKX3-2
CHRD
AMHR2
BMPR1B
BMPR2
DEAF1
ACVR2A
MMP13
DCX
ERO1L
ERO1LB
POLI
SHC1
UCP1
MOB1A
MOB1B
PIDD1
MOB2
BTG1
BTG2
SLC30A7
SOCS2
PTPN1
SOCS1
IRS1
ATF3
CDX1
CDX2
PTPRF
BTC
SOCS4
CYSLTR2
EDNRA
IL13
PLCG2
CD79A
CD79B
SRF
TBX3
LHX3
TBX4
LHX4
NUAK1
EGR3
MEF2A
MEF2D
BARHL2
ENC1
TBX2
XRCC5
TEP1
XRCC6
TERF1
MTA3
MTA2
MTA1
RBBP4
HDAC2
RBBP7
MBD3
PPIF
CD38
IL3
HOXA10
MIB2
POGZ
PRKCI
PRKCZ
F2RL2
AURKA
AURKC
KLF16
ERVW-1
MYCN
THTPA
CD82
TESC
CIB1
CHP2
CIB4
CHP1
MORF4L1
ELAVL2
ELAVL3
BIRC5
ELAVL4
OCLN
MAD1L1
BUB1
HGS
SLC6A4
RALY
CIRBP
DAZL
PPIE
SRSF10
HNRNPCL1
SNRNP70
EIF4H
SLIRP
TRNAU1AP
HNRNPA1
HNRNPA2B1
HNRNPAB
RBM3
HNRNPD
BOLL
RBM34
SNRNP35
RALYL
HNRNPM
HNRNPA3
ARL2
ARL13A
ARL13B
RASGRP1
ARG2
SOX9
HHEX
CYP2B6
RAP1GAP
CLGN
IGF2
GAPDH
MTF1
AXL
HPGD
NANOG
PAEP
GATA1
RAPGEF1
NOX4
DAPK1
ADAMTS13
SLC1A2
PTGS2
RGS10
NEUROG3
DNMT1
ABCB1
PTN
APH1B
NCSTN
PSENEN
PSEN1
TGFB2
LEFTY2
BMP3
LEFTY1
BMP5
BMP6
BMP7
GDF7
BMP10
INHA
FRZB
GDF6
CORIN
SMO
BMP8A
GDF1
MSTN
GDF9
GDF3
NODAL
GDF11
BMP15
FANCC
FANCD2
UBE2T
FANCE
C17orf70
FANCB
FANCF
FANCG
FANCI
HES1
FANCL
FANCA
CD9
PDCD5
KAT5
MAP4
CEBPD
IL10
IKZF3
IRS4
SH2B3
IL25
BACE1
SIN3A
NDRG2
OSM
RETN
CSF3
RAPGEF3
IRS2
CNTF
HSPD1
NCL
CAD
NME1
GPAM
CCND2
MKNK2
MKNK1
EIF4EBP2
EIF4EBP3
ITGAM
GNGT1
SLC15A1
BECN1
MFSD2A
CYP17A1
FGF21
AGRP
UCP3
MCHR1
GATA3
MESP1
NFIL3
GZMB
IL21
LIPG
CYLD
TICAM1
NFKB1
RFFL
TNFAIP3
CAV1
TAB3
AKR1B1
ITIH4
EHF
EGLN1
GADD45B
LIN37
GADD45G
LIN54
LIN52
LIN9
MEN1
FLII
ING3
ING1
TELO2
ING2
ING5
ING4
UPF1
DAB2IP
SHANK1
KSR2
CNBD2
ARAF
SYNGAP1
SHANK2
RASAL3
BRAF
PRKAR1A
PRKAR1B
PRKAR2A
PRKAR2B
RASAL2
CAPN10
TNFSF4
LAMP1
GRHL2
SNCA
PARK2
HAP1
PVRL3
KEAP1
HSPE1
ALDH1A1
ERC1
TCF20
ATG16L1
BANF1
PIAS1
LAMTOR5
VAV1
RYR2
BHLHE22
NFIX
SSB
NFIA
NFIB
NFIC
GRM5
ZBED6
CD83
TGFBR1
FRAT1
FRAT2
CSNK1G1
PITX2
GOSR2
STX5
CD80
PHOX2A
DBH
NEUROG1
SOX13
NEUROD4
ATG10
SCN2A
AGO2
SCN4A
AGO1
AGO4
TLN2
AGO3
PLEKHB2
PIAS4
PARK7
ABCB5
ETS1
HBB
HBD
KLF3
KLF8
ALAS2
SLC22A12
PPM1B
BCL11A
GP1BA
AHSP
PTK2B
EGF
TFEB
LPIN1
HDAC3
NCOR1
ESRRA
PRKAB1
CYCS
SLC2A14
USP46
NR1D1
NR0B2
GABPA
ANKRD32
CACNA1H
POMC
LMNB1
SOX2
NKX2-1
PEBP1
UNC5A
LRIG3
OPTC
PRTG
FNDC1
NEO1
DCC
MAP1B
UNC5B
UNC5D
SERPINF1
OPRK1
PITPNA
IGDCC4
ARG1
TANK
EIF2AK2
CD40LG
PIK3AP1
GNG8
GNG13
GNG2
ITGA2
ITGB1
ITGB2
HCST
PGR
THRA
ICOS
THRB
GNG12
CD19
CD28
GNB5
PLCG1
GNG3
GNG4
GNG5
GNG7
GNG10
GNG11
GNGT2
GP1BB
GP9
ARR3
ARRB1
TRUB1
TIMP3
APBA3
NR1H4
TNFRSF6B
LTBR
TNFRSF14
LRRC8E
LRRC63
LRRC39
LRRC8C
TCTE1
PODNL1
LRRC3C
ISLR2
LRRC66
LRIT2
MXRA5
LRFN1
LRRIQ3
LRRC57
FMOD
LRCH2
LRRN1
LRRC38
LRRC24
EPYC
MFHAS1
ASPN
VASN
ECM2
RTN4R
LRFN3
LRRC32
LRRC49
LRSAM1
LRRC10B
LRTM1
LRRC10
LRRC69
LGR4
KERA
RTN4RL1
LRRC40
LRRC4B
LRRC2
LRTM2
LINGO2
LRRIQ4
TLR7
CHADL
LRRTM3
ISLR
LRRC6
LRRTM1
LRRC4C
DNAL1
CPN2
NYX
LRRC70
TLR6
NRROS
OMD
LRRC30
LRRC58
LRRC43
SHOC2
LRRC4
LGR5
LRCH1
LRRC8D
ADGRA2
OGN
ERBB2IP
RSU1
LRG1
TLR8
BGN
LRCH3
LRRC52
LRRC47
LRRC9
TLR10
TSKU
LRIG2
LRRC55
PPP1R7
LRRC3
LRRC46
LRR1
LRRN3
LRFN4
LRFN2
LRRC19
IGFALS
LRRIQ1
LINGO1
LRIG1
LRRC3B
PRELP
LRFN5
TLR1
LRRTM4
RXFP2
LRRC1
LRRTM2
LRRC26
LRCH4
LINGO4
LRRCC1
LRRC8A
LRRC56
PODN
LRRC61
LRRN2
XRRA1
LRRC7
ADGRA1
LRRC8B
RXFP1
FLRT3
LGR6
FLRT1
SCRIB
LRRC28
LRRN4
LUM
SNRPA1
C10orf11
RTN4RL2
LRRD1
CEP97
ADGRA3
LRRC18
LRRC23
LRRC17
TPBG
LRRC48
HSPB1
C11orf52
HSPB3
F12
HABP2
HGFAC
SLC4A4
NAE1
UBA6
UBA1
ATG7
UBA5
UBA2
SAE1
MOCS3
UBA3
ADRB2
RXRG
CIDEA
SOX17
AFF1
GPR87
IGFBP3
USP8
RAPGEF6
RAPGEF2
NRIP1
DEC1
NAMPT
THPO
CCRN4L
DBP
AVP
BHLHE40
F7
GYS2
ERN1
MARK1
MARK3
ROR1
PKDCC
IRAK1
IRAK2
SIK1
ERN2
TESK1
CDC42BPB
TYRO3
PASK
LIMK1
LIMK2
PRMT5
TESK2
MARK4
SIK2
IRAK3
MARK2
MERTK
MUSK
FBXW7
A2M
SGMS1
CD86
UGCG
PNCK
CAMK1G
SLC9A1
CAMK1
CAPS2
CAMKV
PSKH2
STK17B
STK17A
PSKH1
DAPK2
STK33
CAPSL
CAPS
UHMK1
FGF18
MZF1
ZSCAN1
RNF41
CLDN2
COX17
FHL1
CXCL13
RAG2
CCL1
CXCL14
PF4
PF4V1
CXCL16
CCL7
CCL8
CCL11
CCL13
CCL17
CCL19
CCL20
CCL28
CCL21
CCL22
PPBP
CCL27
CCL25
CXCL6
CXCL11
CXCL5
XCL1
CXCL1
CX3CL1
CXCL2
CXCL3
CXCL9
XCL2
AQP3
AQP5
PVRL2
CD69
FILIP1L
LMNA
RNF128
BBOX1
VIP
ANKLE2
SQSTM1
GCK
CDK8
MED15
MED20
PPARGC1A
MED18
PNPLA2
MED6
MED19
ADIPOR1
MED10
MED4
MED30
MED29
MED16
HBEGF
MED9
ANXA6
MED8
UCP2
CDK19
MED31
AOX1
MED11
SIGLEC10
MED14
MED21
MED13L
MED23
MED17
MED26
MED27
MED7
KISS1
OLR1
TFAP2B
MED12
MED13
SLC2A3
ADIPOR2
RYR3
BGLAP
CCNC
UTRN
DMD
STAR
RANBP1
VSX2
PROP1
POU3F2
PHB
SSTR2
SOD1
HIST1H2AE
HIST1H2AD
H2AFZ
HIST2H2AB
HIST1H2AI
HIST1H2AG
H2AFB2
HIST1H2AJ
HIST1H2AA
HIST1H2AC
HIST3H2A
HIST1H2AM
HIST2H2AA3
HIST2H2AC
H2AFY2
HIST1H2AH
H2AFY
H2AFJ
H2AFV
DLX2
TALDO1
SAV1
SEPT2
HOXB1
CTTN
RIMS2
SLC17A7
RIMS1
RAB3A
SYT1
CPLX1
DYNLT1
DNM1
CHL1
SOX1
GATA4
FGF4
NCAM1
PAX1
LEF1
CLDN6
CTSC
SP7
IL19
EGR2
TNIK
NRK
TXN
GBF1
RGS19
CYTH3
CYTH2
CYTH1
PCP2
RGS11
RGS9
RGS21
PLA2G4D
F2R
AXIN1
IGSF10
ADRA1D
ADRA1B
ADRA1A
ADRA2A
ADRA2C
AGTR1
PLA2G4A
PDP2
GPSM2
PLCD1
PLCL1
PPM1N
PLCZ1
F2RL3
RGS5
ARFGEF2
ARFGEF1
PLCD4
GRM1
PLA2G4E
RGS1
RGS2
RGS3
LPAR1
RGS4
RGS7
RGS12
RGS13
RGS16
PPM1A
RGS14
RGS8
RGS18
RGS20
RGS6
PLA2G4B
PDP1
PLCH2
RGS17
PLCH1
GPSM1
LRIT1
CYTH4
PPTC7
PLCE1
TSTD1
TST
SDC1
HNF4A
IFNK
GH2
IL24
IL11
TPO
IFNW1
CSH2
IL20
SOCS5
IFNE
CTF1
CLCF1
TSLP
IL5
IFNA4
IFNA6
IFNA7
IFNA8
IL7
IFNA10
IFNA13
IFNA14
IL26
IFNA16
IL9
IFNL2
IFNA21
IFNL3
IFNL1
ADORA2A
UBE2I
NCOR2
RANGAP1
HCN2
MAVS
ATG16L2
KRT12
TCF7L2
SLC4A7
KRT19
TJP1
KLF5
S100A14
SLC39A4
TAGLN
PFKP
ITGAD
CDH5
HDC
ZIC3
NKX2-3
PODXL
MMP24
BARD1
ATF5
XIAP
ZFYVE9
VEGFB
LARP1
LARP1B
SRBD1
SUPT6H
NLRP3
HIST1H1C
HSF2
HSF4
ABCC8
PCLO
KCNJ11
ITGAL
PVR
AHR
ABCB6
CSTF1
CSTF2
CSTF3
SMAD7
SLC6A9
CUL4B
CUL4A
CUL3
E2F7
TFDP3
SKP2
RBL1
RBL2
SCD
NKX3-1
OPN4
DPYSL2
DPYSL3
ETV5
NOS2
PHOX2B
SLC2A2
NLRC5
GZMA
PHEX
FGF1
ACE2
RCC1
DMP1
ENPP1
CYP27B1
MMP10
ESRRG
H1FX
HEYL
H1FOO
HEY1
YBX1
H1F0
HIST1H1D
HIST1H1E
HIST1H1B
HIST1H1T
HEY2
HIST1H1A
HES5
RBM43
HP1BP3
TP73
DNAJB4
AMER1
PROC
TNFRSF1B
PDHA1
PDHA2
INCENP
CDCA8
ACAP1
ASAP3
ARFGAP2
ACAP2
ACAP3
GDNF
SPHK1
F10
SPHKAP
SLC25A26
FAM129B
KCNB1
CA2
NAB1
SLCO2B1
DIS3L
CETN1
CETN2
CETN3
KDM5C
KDM5D
RAB6C
MYL7
MYL9
MYLPF
MYL10
CIB2
FOSB
MYO1B
RAB6B
DIS3
RAB41
MYL12A
RAB36
CSNK2A1
CSNK2A2
IQCB1
MYO1F
MYL12B
MYO16
MYO1G
KDM5B
MYL1
MYL3
DIS3L2
MYL4
MYL5
MYL6
MYO1A
PSEN2
MYO1D
MYO1E
MYO6
CIB3
MYO7A
TBL1Y
MYO7B
MYO10
KDM6B
RASIP1
KDM5A
MYO1H
SUPT16H
MYO15A
BMI1
NDRG1
RUNX3
BCR
HBZ
TNFSF13B
DDIT3
LGALS1
PCSK9
BAG1
RELB
NFKBIA
ISYNA1
DHODH
ADRBK1
ATMIN
FBLN5
MMP7
TWIST2
CEP55
S100A4
EIF4E1B
EIF4G1
EIF4E2
FJX1
NPC1
ALB
RARS
TCF7
TCF7L1
PKD2
PHF19
PHF1
MTF2
INTS12
TM7SF2
DHCR7
LBR
SLC9A3R1
UGT1A1
ABCB11
CYP2A6
CYP2C19
ABCC2
MGST1
PAPSS2
SLCO1B1
FGF19
SLCO1A2
INSIG1
CYP24A1
GSTA1
PIN4
HERPUD1
OXT
MTTP
ELOVL3
S100B
SIAH1
GFAP
SIAH2
INPP4B
SIAH3
SNRPA
SNRPB2
SNRPC
TNFRSF17
TNFRSF13C
TNFRSF13B
IL37
F2
CTSG
KLK1
PRSS1
PRSS3
PLG
TRPV1
BARX1
HOXB9

******Input Information******
Top-10 Bootstrap
Train File1:	data/Rejection/GSE21374/GSE21374_data.txt
Train File2:	data/Rejection/GSE50058/GSE50058_data.txt
Network File:	data/kb/string.ents | data/kb/string.rels
Random Edge:	false
Edge Selected:	(standard)All
*****************************
eNum: 177450
data/Rejection/GSE21374/GSE21374_data.txt raw data have 18090 labels.
data/Rejection/GSE50058/GSE50058_data.txt raw data have 18989 labels.
selected data have 5507 labels.
Edge number: 15090
standardize end
LRP2
INSR
AMN
IGF1
PMP22
TARDBP
STAT1
IL6
CDKN1A
CDKN1B
CXCL8
CDK2
UBE2C
CRY2
SKP1
CUL1
CLOCK
ARNTL2
TTBK2
CSNK1A1
CSNK1D
BTRC
TIMELESS
VRK1
VRK2
ARNTL
TTBK1
WDR64
RBX1
CSNK1A1L
FBXW11
NR3C1
SERPINE1
NPAS2
CRY1
VRK3
BARX1
HOXB9
MYCN
NOG
PSEN1
REG4
TAC1
RSG1
KRAS
EXOC6
RALA
MYH1
RALB
MYH2
RERG
MYH4
RAB11B
RRAS2
MYH6
MYH7
RAP1A
MYH8
MYH9
RAP1B
MYH10
MYH11
RAP2A
RAB25
MRAS
RAP2B
REM1
ARL16
NRAS
DIRAS1
MYH13
RHOD
MYO1C
MYO5A
MYO5B
RHOJ
MYH7B
ARL11
RHOBTB3
LRRK2
RAB11A
MYO18A
EXOC3
DNAJC27
ARL9
RASL12
RRAD
RRAS
RAB14
GEM
RHOU
SLC2A4
DIRAS3
ARF3
RHEB
MYO5C
ARF4
ARL4D
ARF5
RIT2
RIT1
ARL5C
RHOA
RHOB
RHOC
ARL6
RND3
RHOG
RASL10A
RHOQ
ARL4C
ARL4A
RHOH
ARL1
EXOC5
ARL5B
RABL2A
RND1
ARL10
TBC1D4
RHOBTB1
RERGL
MYH14
RHOV
RASL11A
TBC1D1
RHEBL1
EXOC3L4
RHOBTB2
EXOC6B
HRAS
ERAS
RAB2B
RASD1
RASL11B
MYH15
EXOC3L1
EXOC1
TNFAIP2
RND2
EXOC2
EXOC3L2
MYO18B
EXOC7
RAP2C
RAB2A
CDC42
REM2
RHOF
DIRAS2
ARL14
RAC1
RAC2
RAC3
EXOC4
RASD2
WASL
ERBB2
ACTR8
ILK
ACTRT3
ACTR3C
POTEF
ACTR10
ACTBL2
SRC
ACTA1
ACTA2
ACTB
ACTC1
ACTG2
ACTRT2
ACTL6A
ACTR3B
ACTR3
ACTR2
SEPT2
ACTL7B
ACTL7A
ACTR1B
POTEE
ACTR1A
ACTL8
BRAF
DIAPH1
KDR
ACTL6B
CTNNA1
MAPK1
ACTL9
MAPK3
CTNNB1
CTNND1
POTEJ
ACTRT1
MAP2K1
CDH1
ACTL10
MYB
SMARCA2
RIPK4
TAF1
ASH1L
HMOX1
XRCC1
NOS3
CSH1
HAND2
ASCL1
ADSS
SNAP23
STX2
BET1L
STX8
STX19
VTI1A
STX1A
BNIP1
SNAP25
STX3
STX4
STX18
STX7
STX16
STX11
STX10
STX17
BET1
USE1
STX1B
STX6
TSNARE1
STX12
VTI1B
SNAP29
STX16-NPEPL1
CDC20B
CCNG1
CCNO
CCNG2
CCNI
CCNB3
CCNI2
ANAPC5
CCNB2
FZR1
CDC16
ANAPC10
ANAPC4
CDC23
ANAPC2
CCNB1
BUB1B
CNTD2
CDC20
AKT3
RPS6KA4
RPS6KA5
SGK1
MYOG
RPS6KA1
RPS6KA2
RPS6KA3
RPS6KB1
STK32B
RPS6KB2
STK32C
CREB1
SGK2
STK32A
RPS6KA6
AKT1
AKT2
SPTAN1
DMTF1
EHMT1
GNAT3
GNA11
GNA12
GNA15
GNAI1
GNAI2
GNAI3
GNAO1
GNAQ
GNAT1
GNAT2
CDC5L
SNAPC4
GNA14
TTF1
EHMT2
GNA13
HACE1
MYBL1
MYBL2
PLK2
PLK1
PLK5
PLK4
PLK3
KDELR2
KDELR3
COPA
CLTA
CLTB
KDELR1
ARF6
NUP98
RGPD1
NUP133
RGPD4
NUP43
TPR
SEH1L
NUP50
RANBP2
NUP62
NUP214
AAAS
NUP188
NUP93
NUPL2
NUP155
NUP85
RAE1
NUP107
NUP37
NUP62CL
NUP160
NUP153
NUP35
RGPD3
NUP210
NUP54
NUP205
NCOA5
NUP88
PRKACG
PRKCA
PRKCB
PRKX
PRKCG
PRKACA
PRKACB
KLC1
PODXL
NCK1
ABI1
WAS
PDGFB
NCKAP1
BRK1
PDGFRB
ABI2
WASF1
GAB1
NCK2
WASF3
SEMA7A
FGF2
FOXJ2
SMG1
FOXR1
FOXK2
FOXQ1
ATR
HIPK1
PDPK1
RPS6
INSRR
FOXB2
HMGN1
TSC1
TSC2
FOXN3
DYRK4
FOXA1
PPP5D1
FOXA3
TRRAP
ADCY1
ADCY2
ADCY3
ADCY5
ADCY6
ADCY7
ADCY8
ADCY9
MAP3K1
MAP3K3
MAP3K5
FOXD4L5
CNOT6
PHC3
MAPK12
FOXL2
PIK3C2A
PIK3C2B
PIK3C2G
FOXD4L3
PIK3C3
UBE3A
PIK3CA
PIK3CB
PIK3CD
PIK3CG
RPTOR
PPP1R1B
PHLPP1
FOXO4
MAP3K15
CREB3L3
GNB2
MLST8
GNB3
HERC6
FOXH1
FOXK1
FOXG1
PKN3
FOXF1
FOXF2
CREB3
FOXC1
FOXD4
FOXI1
MAP3K19
FOXL1
CREB3L2
DYRK3
FOXE3
DYRK2
FOXJ1
REV1
FOXC2
FOXP3
FOXE1
FOXM1
FOXD2
FOXS1
FOXO1
FOXO3
FOXN1
ADCY4
FOXN2
NPR1
NPR2
NPR3
FOXO6
HIPK4
FOXP2
WEE1
FOXN4
FOS
DYRK1A
HIPK2
RICTOR
PPEF2
PPEF1
CREB3L4
FOXJ3
MAP3K6
ATF2
FOXR2
CREB5
GSK3A
GSK3B
PKMYT1
HIPK3
PPP2CA
PPP2CB
FOXD3
FOXB1
FOXP4
PPP2R5A
PPP2R5B
PPP2R5C
MAPK14
IGF1R
PPP2R5D
PPP2R5E
MAPK15
PPP3CA
PPP4C
PPP3CB
PPP3CC
PPP5C
GUCY1A2
GUCY1A3
GUCY1B3
GUCY2C
GUCY2F
MTOR
HECTD2
GUCY2D
EIF4EBP1
DYRK1B
FOXI2
PRKCD
PRKCE
FOXP1
PRKCH
WEE2
GNB4
PKN1
ATF1
PKN2
PRKCQ
ATF4
PRKDC
MAPK4
MAPK6
MAPK7
MAPK11
MAPK13
MAP2K2
MAP2K5
HERC4
HERC5
SGK494
MAP3K2
KAT2B
CECR2
KAT2A
NXF3
GEMIN4
NCBP2
GEMIN5
U2AF2
SRRM1
SLBP
ALYREF
NCBP1
SRSF11
GEMIN7
DDX20
MAGOH
UPF3B
GEMIN6
SNUPN
SRSF1
SRSF3
CPSF2
SRSF4
SRSF5
SRSF6
PHAX
SRSF7
CDC40
SNRPB
GEMIN2
SNRPD1
RNPS1
SNRPD2
SNRPD3
SNRPE
CPSF3
SNRPF
SNRPG
POLDIP3
NXF1
DHX38
EIF4E
NXF5
NFX1
DVL2
DVL3
PDE6G
PDE6H
DVL1
ME1
EPO
EHHADH
IL4
NR1H3
APOA1
APOA2
ELK1
EPAS1
ACOX1
HIF1A
ARNT
LPL
FABP1
STAT6
CPT1A
HSD17B4
IFNB1
IRF8
IFITM1
GBP2
OAS1
IRF1
OAS2
OAS3
IRF2
IRF3
PDCD1
IRF4
PTGES2
IRF5
IRF6
IRF7
XAF1
ISG20
IFITM2
RNASEL
CEBPB
HLA-A
HLA-B
HLA-C
ISG15
EGR1
IFI35
ADAR
IFI6
IFIT2
IFIT1
IFITM3
CREBBP
IFIT3
EP300
TP53
STAT2
IP6K2
MX1
MX2
OASL
IFNAR1
IFNAR2
TNFRSF17
PIM2
MYC
BCL2L11
TNFRSF13C
TNFRSF13B
MCL1
TNFSF13B
BCL2
SMAD4
TLR3
TLR9
TOX
TBPL2
TOX2
HMGB1
TFAM
HMGB2
HMGB3
TBPL1
UBTF
ISYNA1
HMGB4
HMG20B
DHODH
HMG20A
TOX3
TBP
HTR1A
GDF5
ARPC5L
PFN4
PFN1
PFN2
IQGAP2
CALM2
ARPC5
ARPC4
ARPC3
IQGAP3
ARPC1B
ARPC1A
IQGAP1
ARPC2
ERCC6L2
SMARCA1
ERCC6L
SMARCA5
BTAF1
CHD1L
ERCC6
FADD
TNFSF10
PHOX2B
NOTCH1
BAX
BCL2L1
BAD
PARP1
LEP
PCK1
PLIN1
CD36
FABP4
ANGPTL4
ADIPOQ
CEBPA
RBPJL
ARTN
RBPJ
LRGUK
STK38
SHH
TGFBR2
JUN
PPP2R1A
PPP2R1B
PPP2R2A
MYOCD
PPP2R2B
PPP2R2C
CTGF
CCND1
LATS1
LATS2
AMOTL2
WWOX
STK38L
SMAD1
SMAD2
TP53BP2
SMAD3
AMOTL1
ANKHD1-EIF4EBP3
SMAD5
PML
PPP1CA
PPP1CB
PPP1CC
SMAD9
NLGN2
NLGN1
NLGN4Y
NLGN3
IFNG
IL2
PIF1
ESR1
NCOA3
CHUK
PPARA
TNFRSF9
INS
CXCR5
CCR2
CXCR6
AVPR1A
AVPR1B
CCR10
AVPR2
CXCR4
XCR1
CCR1
RXFP4
CCR3
CCR4
CXCR3
CCR5
CCR6
CCR9
CCR7
CX3CR1
TNF
CCR8
CXCR1
RXFP3
CXCR2
MAP2K7
PTK2B
PTK2
CRK
CRKL
NFYB
NFYC
H3F3A
H3F3C
CHRAC1
HIST1H3D
HIST4H4
CENPA
HIST3H3
HIST1H3J
HIST1H3H
SPOCK1
HIST1H4F
HIST1H4C
HIST2H3D
HIST1H4B
HIRA
PLXNB1
PLXNB2
PLD1
PLD2
TIMP2
MMP2
ANGPT1
VEGFA
MMP9
EIF2S3
EIF2S1
EIF2S2
EIF5
GPC1
TEK
NGFR
PDGFRA
EGFR
KIT
MET
FLT1
EPHA2
FLT4
FGFR1
FGFR3
FGFR2
FGFR4
CSF1R
PBX2
PBX3
KCND2
PBX4
PBX1
NR1I2
MFN2
SLC7A1
STK3
STK4
MAGI1
CDKN3
PTPDC1
AREL1
DUSP23
ITCH
NEDD4L
HECW1
LIMD1
UBR5
HECTD3
MAP4K3
YAP1
MAP3K8
MAP4K5
HECW2
MAP4K1
WWP1
WWP2
STK26
UBE3B
BAG3
SMURF1
MAGI3
GAS7
WWTR1
PRKG1
PRKG2
UBE3C
HUWE1
HERC1
AJUBA
HECTD1
TRIP12
CDC14B
CDC14A
STK24
SMURF2
MAP4K2
CUX1
WWC1
STK25
NEDD4
NR1H4
NR5A2
RFNG
MFNG
DLL1
LFNG
MESP2
NOTCH2
JAG1
NOTCH3
NOTCH4
DLL3
PTCH2
WNT5B
DLK2
WNT10A
MYD88
LRP6
BAMBI
DCHS2
FAT4
SOST
SFRP1
SFRP2
SFRP4
SFRP5
WNT4
PTCH1
DKK1
NUMBL
WNT1
WNT2
WNT5A
WNT6
WNT7A
WNT3A
KREMEN2
WNT7B
WNT8A
WNT8B
WNT16
WNT10B
TLR2
WNT11
WNT2B
WNT9A
WNT9B
WIF1
SEMA3A
SEMA3F
SEMA3D
AR
SEMA3C
NR2F2
SEMA3G
SEMA3E
RAB13
RAB10
RAB8A
LNPEP
APPL1
VAMP2
CD180
CD14
LY96
TLR4
RFWD2
JUNB
JUND
MPHOSPH8
IL17A
MAPK8
MAPK9
MAPK10
SIRT1
STAT3
TRAF2
TRAF6
TNFSF11
TXNRD1
GLIPR1
CARM1
ACSL1
CYP1A1
RGL1
SP1
GTF2A1
GTF2E1
PPARGC1B
GRHL1
GTF2F1
ABCA1
GTF3A
TRIB3
ACADM
NRF1
SULT2A1
APOA5
CYP4A11
CYP7A1
FDFT1
SLC27A1
G0S2
AGT
ANKRD1
NFYA
SREBF2
UGT1A9
ALAS1
HMGCR
HMGCS1
HMGCS2
PEX11A
CPT2
KLK3
FHL2
KLK2
TNFRSF21
GADD45A
TIAM2
PLIN2
ABCB4
PITX1
HOXC8
IVL
MAPKAP1
THBD
MGP
TIMP1
SPRR1B
PIM1
NFE2L2
FOSL2
MAX
CCL2
PLAU
PLAUR
MMP1
RUNX2
DCN
ITGB4
CCNA2
FOSL1
ITPR1
ITPR2
ITPR3
DUSP12
DUSP13
DUSP26
DUSP28
DUSP18
PTTG1
EPM2A
STYX
DUSP21
SSH1
DUPD1
STAG1
SMC3
SSH3
KHDC3L
DUSP1
SMC1A
DUSP2
DUSP3
DUSP4
DUSP5
DUSP6
DUSP16
DUSP7
SMC6
DUSP9
SMC4
RAD21L1
STYXL1
DUSP27
DUSP15
DUSP19
DUSP10
SSH2
SMC2
PTEN
SMC5
TNS1
DUSP22
STAG3
STAG2
TNS3
SMC1B
PTTG2
RAD21
ESPL1
LTA
TNFSF14
ITGA2B
CD81
TMPRSS2
GLI3
TERT
GLI1
PAXIP1
MDC1
HDAC9
RAN
HDAC4
SUMO1
XPO1
MDM2
HDAC1
KPNB1
KPNA2
DOCK3
E2F1
TFDP1
TFDP2
NCKAP1L
CYP2E1
CYP3A4
CYP1A2
THRSP
DOCK1
DOCK2
LYN
DOCK5
DOCK4
HCK
FGR
PLVAP
BMP2
SHOX2
LHX2
BMP4
FGF10
PAX3
PAX6
PAX7
LHX9
IHH
DHH
STOML1
MPL
TYK2
PLEKHB2
GHR
IL10RA
IFNGR1
PIAS4
IFNGR2
JAK1
JAK2
MST1R
JAK3
EPOR
LIFR
IL12RB1
IL12RB2
IL13
IL13RA1
IL15RA
NMI
IRS4
IL22RA2
KITLG
CSF2RA
CSF2RB
CSF3R
RB1
CIITA
PARK7
ABCB5
IL21R
SOCS3
CD40
ETS1
SYK
IL20RA
IL20RB
SOCS1
IRS1
IRS2
OSMR
LCK
CBL
IL2RA
IL2RB
IL22RA1
IL2RG
IL3RA
CRLF2
IL4R
IL5RA
LEPR
IL6R
IL23R
IFNLR1
IL6ST
CNTF
CNTFR
IL7R
STAT5A
STAT5B
IL9R
GNAL
ARRB2
ADRBK2
NDUFAF6
CDK16
MSX2
CDK17
CDK18
SIRT2
DSC2
DSC3
CDK15
AIRE
MCM2
DSG4
CDK1
SIRT7
SIRT6
CDK14
SIRT5
SIRT4
SIRT3
CDK4
CDK5
CDK6
SPRY1
FGF8
ADAMTS4
ADAMTS3
ACAN
APBB1
EPHB2
TUBB1
TBC1D8
TBC1D16
TBC1D13
TUBB6
TUBA1B
USP6
TUBB3
TUBB4A
TUBB4B
MAP2K4
TBC1D15
TBC1D9B
SGSM1
GRTP1
TBC1D30
TUBA1A
TUBG2
CLK3
TUBA3D
SGSM2
RABGAP1L
TUBA1C
TBC1D2
TBC1D14
TBC1D2B
TUBB
TBC1D12
CHEK2
DCLK3
TBC1D28
MAP3K11
TUBA3E
TBC1D25
TUBB2B
DCLK2
SGSM3
TUBA8
CDC25A
CDC25B
CDC25C
TBC1D29
CDC27
TBC1D8B
TUBD1
TUBE1
TBC1D21
TUBA4A
TUBA3C
USP6NL
TUBB2A
DCLK1
TUBG1
TUBAL3
TBC1D17
TBC1D9
TBC1D26
PCNA
SNRNP70
SNRPA
SNRPA1
SNRPB2
SNRPC
ITGA8
IGDCC3
ROBO1
ROBO2
IGSF9B
NEUROD1
ABL1
ABL2
ROBO3
ITGA5
ITGA9
YES1
FYN
ID4
COL2A1
COL3A1
COL4A1
COL4A2
COL4A3
COL4A4
COL4A5
COL4A6
COL5A1
SLIT2
COL5A2
COL6A1
COL6A2
COL24A1
COL6A3
LAMB4
THBS1
PTPN6
RELN
THBS2
THBS3
THBS4
PTPN11
COL11A1
VWF
COMP
FN1
COL6A6
SPP1
TNC
TNN
COL27A1
IBSP
SLIT1
SLIT3
LAMA1
LAMA2
LAMA3
LAMA5
LAMB1
LAMB2
LAMB3
LAMC1
CHAD
COL5A3
LAMC2
COL6A5
LAMC3
BCAR1
TNR
COL1A1
COL1A2
CSTF1
CSTF2
CSTF3
IRF9
SETD1A
SETD1B
CDK2AP1
GRAP2
GRAPL
GRB2
CCDC88B
GRAP
PADI4
CASP1
CASP2
CASP3
CASP4
CASP5
CASP6
CASP7
CASP8
CASP9
CASP10
EIF1AX
E2F2
E2F3
HTT
ROCK2
ROCK1
SCIN
VCL
TLN1
GSN
STAT4
CFLAR
EZR
BIRC2
BIRC3
TRADD
SMPD1
PTPN13
TNFRSF10D
TNFRSF10C
TNFRSF10B
TNFRSF1A
TNFRSF10A
IKBKB
RIPK1
CRADD
FAS
IL1RAP
FASLG
MAP4K4
TIRAP
MADD
CLTC
BID
RIPK2
IL12B
MGMT
IL1B
IL23A
JAZF1
ITLN1
GCG
CXCL12
ATIC
MMP3
PRKAA1
PRKAA2
SORT1
NGF
CSF1
ADCY10
TBXA2R
CACNA1A
CACNA1B
CACNA1C
CACNA1D
CACNA1S
DRD2
DRD3
DRD4
HTR1B
PDE6A
HTR1E
PDE6C
HTR1F
HTR5A
HTR7
RASGRF1
RASGRF2
PDE6B
KCNJ3
PIK3R2
KCNJ5
SCN1A
KCNJ9
PIK3R3
MTNR1A
MTNR1B
PLCB1
PLCB2
PLCB3
GABBR2
CHRM2
PREX1
CHRM4
PIK3R5
CNR1
ADCYAP1R1
OPRM1
MAP3K7
ARHGEF4
BRPF3
SETMAR
ATRX
EP400
UBD
BAZ2B
WHSC1
SMYD1
SETD8
SMARCAL1
UBL4B
NSD1
BAZ1B
UBL4A
CHD9
PHF7
CHD8
CHD1
SMYD5
CHD2
BRD3
CHD3
CHD4
CHD7
RAD54L2
KMT2E
EZH1
EZH2
C17orf64
TRIM24
SUV39H2
WDR59
ZFAND4
ZRANB3
SMYD2
WHSC1L1
BPTF
SMYD4
KMT2C
SETDB1
SETDB2
SETD2
UBB
UBC
KMT2D
FAU
PBRM1
BRD2
BRDT
BAZ2A
BAZ1A
BRD4
SUV39H1
SETBP1
PHF11
RAD54B
SHPRH
HLTF
KMT2A
SMARCD1
SMARCD2
SMARCD3
CHD6
SETD7
BRD1
RAD54L
HELLS
BRWD1
CHEK1
HSF1
CYR61
ZEB1
GLI2
CDH2
DCLRE1C
TRIM28
RALY
CIRBP
DAZL
PPIE
SRSF10
HNRNPCL1
EIF4H
SLIRP
TRNAU1AP
HNRNPA1
HNRNPA2B1
HNRNPAB
ZAP70
RBM3
HNRNPD
BOLL
RBM34
EIF4B
SNRNP35
RALYL
HNRNPM
HNRNPA3
KLF4
NFKB2
HSPA12B
RPA1
RPA2
RPA3
HSPA1A
HSPA4L
HSPA1B
HSPA1L
HSPA2
HSPA4
CCAR2
HSPA5
HSPA6
HSPA14
HSPA9
HSBP1
HSPA12A
PRNP
HSPH1
ANKRD45
HSPA13
RPS19BP1
RAD51
RAD51C
DDX58
RAD51B
RAD51D
DMC1
XRCC3
CBLB
CBLC
GRWD1
TBX1
PDPN
MAP4
SLK
TGFB1
TYROBP
CSF2
ACACB
ASPG
UCKL1
MIB1
IRAK4
TREM1
TOLLIP
ANKRD17
REL
RELA
PRKD1
ZDHHC17
IL1A
DDX41
IL1RN
ZDHHC13
PRKAG3
BRSK2
PRKAG1
ZNF622
CAMKK2
PRKAG2
CAMKK1
BRSK1
PAK1
CAPN1
CAPN2
NDEL1
OSBPL7
OSBPL6
OSBP2
OSBPL2
OSBPL1A
OSBP
OSBPL3
TRH
SP6
FST
INHBA
FGF3
INHBB
INHBC
GNRH1
GNRHR
INHBE
EDN1
PAX2
SST
DDX39A
GNGT1
NTRK1
NTRK2
VCAM1
NTRK3
PAK2
PAK3
VLDLR
EFNB1
EFNB2
PAK6
EFNB3
PAK7
PAK4
LRP8
NEUROG2
MYOD1
SIVA1
TCF3
BLK
ERBB3
FLT3
ERBB4
CD3D
BMX
CD3E
CD3G
CD247
CD8A
CD8B
TIE1
CSK
PDGFRL
MATK
HLA-DRB1
BTK
B2M
GAB4
RASGEF1B
STYK1
SRMS
GAB3
FGFRL1
LTK
RET
TEC
ALK
GAB2
ITK
PTK6
RASGRP2
TXK
SOS1
SOS2
GABARAPL2
MAP1LC3C
URM1
ATG12
ATG3
GABARAP
MAP1LC3A
GABARAPL1
MAP1LC3B
PBK
ZAK
MAP3K9
MAP3K10
TRAF7
MLKL
LRRK1
RIPK3
KIAA1804
DSTYK
MOS
BAK1
BCL2A1
BOK
BCL2L2-PABPN1
BCL2L14
APAF1
RASA1
PTPRB
FKBP9
OBSCN
FKBP10
FKBP7
FKBP11
FKBP2
FKBP14
ITGAV
JUP
UPRT
MYLK
MYLK3
PPP1R12A
MYLK2
PPP1R12C
MYLK4
TBX21
MBTPS1
POU4F1
ADAM17
PAX5
TNFRSF11A
NFATC3
CTSK
CXCL10
PTH
ANXA2
IL33
PTHLH
PTGDR2
TNFRSF11B
IL22
TGFB3
NPPA
ROR2
PTK7
PMS2
TRIO
NET1
MYO9A
MYO9B
PDLIM7
RAB8B
MCF2L2
ARHGEF38
MCF2
PARD6G
NCF4
ARHGEF11
ARHGEF16
PARD6B
MYO3A
RAB28
NF1
PDLIM3
PARD6A
RALBP1
MYO3B
PIP4K2A
LPXN
ARHGEF9
NGEF
PIP5KL1
DIAPH2
PXN
PIP5K1A
PIP5K1B
RAB40B
DIAPH3
ARHGEF37
DNMBP
PDLIM2
RAB12
ARHGEF19
ARHGEF28
KALRN
ITSN1
ARHGEF12
RAB40A
PIP5K1C
RAB44
PREX2
PDLIM5
ARHGEF15
PDLIM4
TGFB1I1
PIKFYVE
ARHGDIA
ARHGDIB
ARHGDIG
SH3PXD2B
LDB3
ARHGEF35
PDLIM1
SH3PXD2A
ITSN2
RAB40C
RASEF
RAB15
AKAP13
ARHGEF3
PIP4K2C
ARHGEF26
SPATA13
SATB2
NTN3
MNX1
UNC5C
NTN1
NRP1
ATM
TP53BP1
HELZ2
NCOA2
TBL1XR1
NCOA1
NCOA6
TBL1X
TGS1
MED1
USP18
ANXA1
IFNA2
TRAF3
MAP2K6
GTF2B
SMARCC1
PRL
PCK2
TFF1
VDR
SREBF1
GAP43
KCNH2
S1PR1
ICAM1
SCAP
NSMAF
SMPD3
TSSK2
TSSK1B
MELK
TSSK4
STK11
PIM3
TRIB1
TRIB2
STK40
HUNK
TSSK3
NIM1K
UNC13B
PDE3A
NPAS3
PPP2R3B
PFKFB2
NR4A1
TRIP10
PPP2R3C
HSP90AA1
NPAS1
HSP90AB1
RAF1
AKT1S1
S1PR3
SLC2A1
CDC37
PPP2R3A
TCL1B
THEM4
TCL1A
CRTC2
SMAP1
NCALD
VSNL1
ADAP1
EFCAB1
RCVRN
KCNIP3
KCNIP2
KCNIP1
NCS1
ZNF705D
ZNF705G
HPCA
GUCA1C
GUCA1A
GUCA1B
HPCAL1
ARFGAP1
KCNIP4
ZNF705B
SMAP2
HPCAL4
ADAP2
PARD3
CDKN1C
CNPPD1
CCNH
ORC1
WT1
CCNA1
FBXL17
ANAPC11
ELAVL1
CTBP2
E2F4
E2F5
E2F6
KDM8
YWHAQ
CDC6
SIX1
FBXL20
FBXL2
YWHAB
YWHAE
YWHAG
YWHAH
YWHAZ
KDM4B
FBXL6
SFN
FBXL4
CDK7
GATA2
EPHA6
EPHB3
EPHB4
EPHA10
EPHA1
EPHA3
EPHA4
EPHA5
EPHA7
EPHA8
GJA1
MYF5
PPARG
EYA4
TSHZ2
EYA1
EYA2
TLX1
HOXA2
AXIN2
PPM1D
PPM1F
PPM1E
PPM1L
TAB1
PPM1K
PP2D1
NLK
ILKAP
RNF8
H2AFX
CDKN2D
MRE11A
NBN
BRCA1
GH1
CCNE1
FBXO43
FBXO5
PER3
PER2
CCNE2
APC
HBB
HBD
KLF3
KLF8
ALAS2
SLC22A12
PPM1B
BCL11A
GP1BA
AHSP
GATA1
PLXND1
TNFRSF12A
KL
EDNRB
FGF23
CHN1
GPLD1
ARHGAP1
ARHGAP5
ARHGAP6
ARFGAP3
NCF2
ASAP2
ASAP1
ARAP1
ARAP2
APPBP2
SPAG1
TTC24
NWD1
SGTB
TTC28
TTC16
EML4
DYX1C1
SGTA
GNB1L
EML6
KLC2
BBS4
IFIT5
KLC4
TTC4
DDB2
WDFY2
BRWD3
TTC6
TTC19
CCNF
RNF7
TMTC1
NWD2
NPHP3
PPP3R1
PPP3R2
TMTC3
CDC26
CTR9
WDR20
IFIT1B
TTC32
FKBPL
TOMM34
IFT122
TTC13
IFT80
MAD2L2
BUB3
DMWD
ANAPC7
KDM6A
UTY
TBL2
MAD2L1
WDFY1
KLC3
ANAPC13
CAMK2B
CAMK2D
CAMK2G
POGZ
ADRBK1
CAMK4
CAMK2A
PPIB
MND1
TEX15
UBE2U
UBE2A
UBE2B
PSMC3IP
SOX9
SCARB1
SAR1B
SAR1A
ATMIN
CUL4B
CUL4A
CUL3
E2F7
TFDP3
SKP2
RBBP4
RBL1
RBL2
PRMT5
FBXW7
PGF
TRPC1
TRPC6
NNAT
PPP1R13B
CSE1L
SCN2A
AGO2
SCN4A
AGO1
AGO4
TLN2
AGO3
CCND3
MYL2
MIB2
TNFSF18
NKX3-2
CHRD
AMHR2
BMPR1B
BMPR2
DEAF1
ACVR2A
MMP13
DCX
ERO1L
ERO1LB
POLI
SHC1
UCP1
MOB1A
MOB1B
PIDD1
MOB2
SLC30A7
SOCS2
PTPN1
ATF3
CDX1
CDX2
PTPRF
BTC
SOCS4
CYSLTR2
EDNRA
PLCG2
CD79A
CD79B
XRCC5
TEP1
XRCC6
TERF1
VAMP8
VAMP4
VAMP5
SEC22A
VAMP1
YKT6
VAMP3
VAMP7
SEC22C
MTA3
MTA2
MTA1
HDAC2
RBBP7
MBD3
PPIF
IL18
CD38
IL3
HOXA10
CACNA1H
POMC
PRKCI
PRKCZ
F2RL2
AURKA
AURKC
KLF16
AURKB
OXTR
CEBPD
NKX2-5
DRAP1
GSC
MEF2C
TESC
CIB1
CHP2
CIB4
CHP1
MORF4L1
ELAVL2
ELAVL3
BIRC5
ELAVL4
MEF2A
OCLN
EFCAB2
CABP1
EFCAB9
CABP2
TNNC2
CALML4
OCM2
CABP5
ARPC4-TTLL3
CALB1
KIFC3
EFCAB3
CALB2
CABP7
EFCAB11
TNNC1
OCM
SCGN
CALML5
EFCAB6
CALM1
EFCAB7
CALM3
CALML6
CALML3
SPATA21
KIFC2
CABP4
CALN1
PVALB
KIFC1
EFCAB13
MAD1L1
BUB1
SNAI2
SLC6A4
ARL2
ARL13A
ARL13B
RASGRP1
ARG2
HHEX
CYP2B6
RAP1GAP
CLGN
IGF2
GAPDH
MTF1
AXL
HPGD
NANOG
PAEP
RAPGEF1
NOX4
DAPK1
ADAMTS13
SLC1A2
PTGS2
RGS10
NEUROG3
DNMT1
ABCB1
PTN
APH1B
NCSTN
PSENEN
FZD1
TGFB2
FZD4
FZD6
FZD7
LEFTY2
FZD8
FZD9
BMP3
LEFTY1
BMP5
BMP6
BMP7
GDF7
BMP10
INHA
FZD3
GDF15
FZD5
FRZB
GDF6
FZD10
CORIN
SMO
BMP8A
GDF1
MSTN
GDF9
GDF3
NODAL
FZD2
GDF11
BMP15
FANCC
FANCD2
UBE2T
FANCE
C17orf70
FANCB
FANCF
FANCG
FANCI
HES1
FANCL
FANCA
ARR3
SLC9A3R1
SPI1
CLPB
CD9
ERVW-1
PDCD5
KAT5
ETS2
COX4I2
HGS
SRF
TBX3
LHX3
TBX4
LHX4
SIX3
NUAK1
EGR3
MEF2D
BARHL2
ENC1
TBX2
MKNK2
MKNK1
EIF4EBP2
EIF4EBP3
ITGAM
SLC15A1
BECN1
MFSD2A
CYP17A1
FGF21
NPY
AGRP
UCP3
MCHR1
LIPG
SNAI1
CYLD
TICAM1
NFKB1
RFFL
TNFAIP3
CAV1
TAB3
AKR1B1
TGM2
ITIH4
EHF
EGLN1
BDNF
BTG1
BTG2
GADD45B
LIN37
CACUL1
GADD45G
XPO5
XPO6
LIN54
KDM2B
KDM2A
FBXL19
LIN52
LIN9
MEN1
FLII
ING3
ING1
TELO2
ING2
ING5
ING4
UPF1
CCND2
DAB2IP
SHANK1
KSR2
CNBD2
ARAF
SYNGAP1
SHANK2
RASAL3
PRKAR1A
PRKAR1B
PRKAR2A
PRKAR2B
RASAL2
CAPN10
TNFSF4
LAMP1
GRHL2
SNCA
PARK2
HAP1
PVRL3
KEAP1
HSPE1
ALDH1A1
ERC1
TCF20
ATG16L1
BANF1
SNX27
HSPD1
NCL
CAD
NME1
GPAM
PIAS1
LAMTOR5
VAV1
RYR2
BHLHE22
MITF
NFIX
SSB
NFIA
NFIB
NFIC
IL15
ST8SIA2
CACNA1I
GRM5
ZBED6
CD83
TGFBR1
FRAT1
FRAT2
CSNK1G1
PITX2
RAB5A
RAB5B
LMNB1
SOX2
NKX2-1
PEBP1
IL18RAP
IL12A
IL18R1
MAP3K4
GOSR2
STX5
CD80
ATG10
DDX50
DDX21
KCTD19
SRPK1
DDX27
SRPK2
EIF4A3
SRPK3
GPR149
DDX1
DDX18
DDX59
DDX17
DDX10
TDRD12
TFEB
LPIN1
HDAC3
NCOR1
ESRRA
PRKAB1
CYCS
SLC2A14
USP46
NR1D1
NR0B2
GABPA
ANKRD32
UNC5A
LRIG3
OPTC
PRTG
FNDC1
NEO1
DCC
MAP1B
UNC5B
UNC5D
SERPINF1
OPRK1
PITPNA
IGDCC4
ARG1
MAGI2
TANK
EIF2AK2
CD40LG
ARRB1
PHOX2A
DBH
NEUROG1
SOX13
NEUROD4
TRUB1
PDGFA
TIMP3
APBA3
TNFRSF6B
LTBR
TNFRSF14
LRRC8E
LRRC63
LRRC39
LRRC8C
TCTE1
PODNL1
LRRC3C
ISLR2
LRRC66
LRIT2
MXRA5
LRFN1
LRRIQ3
LRRC57
FMOD
LRCH2
LRRN1
LRRC38
LRRC24
EPYC
MFHAS1
ASPN
VASN
ECM2
RTN4R
LRFN3
LRRC32
LRRC49
LRSAM1
LRRC10B
LRTM1
LRRC10
LRRC69
LGR4
KERA
RTN4RL1
LRRC40
LRRC4B
LRRC2
LRTM2
LINGO2
LRRIQ4
TLR7
CHADL
LRRTM3
ISLR
LRRC6
LRRTM1
LRRC4C
DNAL1
CPN2
NYX
LRRC70
TLR6
NRROS
OMD
LRRC30
LRRC58
LRRC43
SHOC2
LRRC4
LGR5
LRCH1
LRRC8D
ADGRA2
OGN
ERBB2IP
RSU1
LRG1
TLR8
BGN
LRCH3
LRRC52
LRRC47
LRRC9
TLR10
TSKU
LRIG2
LRRC55
PPP1R7
LRRC3
LRRC46
LRR1
LRRN3
LRFN4
LRFN2
LRRC19
IGFALS
LRRIQ1
LINGO1
LRIG1
LRRC3B
PRELP
LRFN5
TLR1
LRRTM4
RXFP2
LRRC1
LRRTM2
LRRC26
LRCH4
LINGO4
LRRCC1
LRRC8A
LRRC56
PODN
LRRC61
LRRN2
XRRA1
LRRC7
ADGRA1
LRRC8B
RXFP1
FLRT3
LGR6
FLRT1
SCRIB
LRRC28
LRRN4
LUM
C10orf11
RTN4RL2
LRRD1
CEP97
ADGRA3
LRRC18
LRRC23
LRRC17
TPBG
LRRC48
GP1BB
GP9
THTPA
CD82
HSPB1
C11orf52
HSPB3
F12
HABP2
HGFAC
SLC4A4
NAE1
UBA6
UBA1
ATG7
UBA5
UBA2
SAE1
MOCS3
UBA3
ADRB2
EGF
RXRG
CIDEA
SOX17
AFF1
GPR87
IGFBP3
USP8
POLD1
POLA2
POLE
POLE2
PRIM1
REV3L
POLA1
RAPGEF6
RAPGEF2
BHLHE41
NRIP1
DEC1
NAMPT
THPO
CCRN4L
DBP
AVP
BHLHE40
F7
GYS2
A2M
IKZF3
SGMS1
FCER1A
MS4A2
FCER1G
LMO4
CD28
CD86
UGCG
PNCK
CAMK1G
SLC9A1
CAMK1
CAPS2
CAMKV
PSKH2
STK17B
STK17A
PSKH1
DAPK2
STK33
CAPSL
CAPS
UHMK1
FGF18
MZF1
ZSCAN1
RNF41
CLDN2
COX17
FHL1
CXCL13
RAG2
CCL1
CXCL14
PF4
PF4V1
CXCL16
CCL7
CCL8
CCL11
CCL13
CCL17
CCL19
CCL20
CCL28
CCL21
CCL22
PPBP
CCL27
CCL25
CXCL6
CXCL11
CXCL5
XCL1
CXCL1
CX3CL1
CXCL2
CXCL3
CXCL9
XCL2
CD69
FILIP1L
PHB
LMNA
RNF128
BBOX1
VIP
GCK
ATP7A
ATP7B
S100A4
CDK8
MED15
MED20
PPARGC1A
MED18
OSM
PNPLA2
MED6
MED19
ADIPOR1
MED10
MED4
MED30
MED29
MED16
HBEGF
MED9
ANXA6
MED8
UCP2
CDK19
MED31
AOX1
MED11
SIGLEC10
MED14
MED21
MED13L
MED23
MED17
MED26
MED27
MED7
KISS1
OLR1
TFAP2B
MED12
MED13
SLC2A3
ADIPOR2
RYR3
BGLAP
CCNC
UTRN
DMD
STAR
RANBP1
SSTR2
SOD1
HIST1H2AE
HIST1H2AD
H2AFZ
HIST2H2AB
HIST1H2AI
HIST1H2AG
H2AFB2
HIST1H2AJ
HIST1H2AA
HIST1H2AC
HIST3H2A
HIST1H2AM
HIST2H2AA3
HIST2H2AC
H2AFY2
HIST1H2AH
H2AFY
H2AFJ
H2AFV
TALDO1
ANKLE2
SQSTM1
HOXB1
LIMK2
GNG12
CTTN
SLCO2B1
RIMS2
SLC17A7
RIMS1
RAB3A
SYT1
CPLX1
DYNLT1
DNM1
ERN1
MARK1
MARK3
ROR1
PKDCC
IRAK1
IRAK2
SIK1
ERN2
TESK1
CDC42BPB
TYRO3
PASK
LIMK1
TESK2
MARK4
SIK2
IRAK3
MARK2
MERTK
MUSK
CHL1
SOX1
GATA4
FGF4
NCAM1
DLX2
PAX1
LEF1
CLDN6
CTSC
SP7
IL19
EGR2
SMAD7
TNIK
NRK
TXN
GBF1
RGS19
CYTH3
CYTH2
CYTH1
PCP2
RGS11
RGS9
RGS21
PLA2G4D
F2R
AXIN1
IGSF10
ADRA1D
ADRA1B
ADRA1A
ADRA2A
ADRA2C
AGTR1
PLA2G4A
PDP2
GPSM2
PLCD1
PLCL1
PPM1N
PLCZ1
F2RL3
RGS5
ARFGEF2
ARFGEF1
PLCD4
GRM1
PLA2G4E
RGS1
RGS2
RGS3
LPAR1
RGS4
RGS7
RGS12
RGS13
RGS16
PPM1A
RGS14
RGS8
RGS18
RGS20
RGS6
PLA2G4B
PDP1
PLCH2
RGS17
PLCH1
GPSM1
LRIT1
CYTH4
PPTC7
PLCE1
TSTD1
TST
SDC1
MTTP
ELOVL3
S100B
SIAH1
GFAP
SIAH2
INPP4B
SIAH3
HNF4A
IFNK
GH2
IL24
IL10
IL11
TPO
IFNW1
CSF3
CSH2
IL20
SOCS5
IL21
IFNE
CTF1
CLCF1
TSLP
IL5
IFNA4
IFNA6
IFNA7
IFNA8
IL7
IFNA10
IFNA13
IFNA14
IL26
IFNA16
IL9
IFNL2
IFNA21
IFNL3
IFNL1
ADORA2A
UBE2I
NCOR2
RANGAP1
HCN2
MAVS
ATG16L2
KRT12
TCF7L2
SLC4A7
KRT19
TJP1
KLF5
S100A14
SLC39A4
TAGLN
PFKP
ITGAD
AQP3
CDH5
HDC
ZIC3
NKX2-3
MMP24
BARD1
ATF5
XIAP
ZFYVE9
VEGFB
LARP1
LARP1B
SRBD1
SUPT6H
NLRP3
HIST1H1C
HSF2
HSF4
ABCC8
PCLO
KCNJ11
ITGAL
ITGB2
PVR
PVRL2
INCENP
CDCA8
PIN1
NPC1
ALB
RARS
CREM
SLC6A9
SCD
NKX3-1
GNAS
OPN4
DPYSL2
DPYSL3
ETV5
NOS2
TCF7
TCF7L1
PKD2
SLC2A2
NLRC5
GZMA
HOXD3
PHEX
FGF1
ACE2
RCC1
DMP1
ENPP1
CYP27B1
ESRRG
H1FX
HEYL
H1FOO
HEY1
YBX1
H1F0
HIST1H1D
HIST1H1E
HIST1H1B
HIST1H1T
HEY2
HIST1H1A
HES5
RBM43
HP1BP3
TP73
BMI1
NDRG1
RUNX3
BCR
HBZ
DDIT3
LGALS1
PCSK9
BAG1
DNAJB4
AMER1
PROC
GATA3
MESP1
NFIL3
GZMB
TNFRSF1B
TRPV1
ACAP1
ASAP3
ARFGAP2
ACAP2
ACAP3
ITGB1
PLCG1
GDNF
SPHK1
F10
SPHKAP
SLC25A26
FAM129B
KCNB1
CA2
NAB1
RELB
NFKBIA
SH2B3
IL25
BACE1
SIN3A
NDRG2
RETN
RAPGEF3
LOXL2
FBLN5
MMP7
TWIST2
CEP55
EIF4E1B
EIF4G1
EIF4E2
FJX1
MMP10
ELMO1
ELMO3
ELMO2
PHF19
PHF1
MTF2
INTS12
TM7SF2
DHCR7
LBR
UGT1A1
ABCB11
CYP2A6
CYP2C19
ABCC2
MGST1
PAPSS2
SLCO1B1
FGF19
SLCO1A2
INSIG1
CYP24A1
GSTA1
DIS3L
CETN1
CETN2
CETN3
KDM5C
KDM5D
RAB6C
MYL7
MYL9
MYLPF
MYL10
CIB2
FOSB
MYO1B
RAB6B
DIS3
RAB41
MYL12A
RAB36
CSNK2A1
CSNK2A2
IQCB1
MYO1F
MYL12B
MYO16
MYO1G
KDM5B
MYL1
MYL3
DIS3L2
MYL4
MYL5
MYL6
MYO1A
PSEN2
MYO1D
MYO1E
MYO6
CIB3
MYO7A
TBL1Y
MYO7B
MYO10
KDM6B
RASIP1
KDM5A
MYO1H
SUPT16H
MYO15A
IL37
PIN4
RNF144A
TAF1B
TAF1A
HMMR
MEOX2
ZEB2
HERPUD1
OXT
VSX2
PROP1
POU3F2
PGR
PDHA1
PDHA2
AQP5
F2
CTSG
KLK1
PRSS1
PRSS3
GNG2
PLG
AHR
ABCB6
PIK3AP1
GNG8
GNG13
ITGA2
HCST
THRA
ICOS
THRB
CD19
GNB5
GNG3
GNG4
GNG5
GNG7
GNG10
GNG11
GNGT2
SAV1

