2017_11_06_06_29_56
******Input Information******
Top-10 Bootstrap
Train File:	data/UC/GSE12251/GSE12251_data.txt
Network File:	data/kb/string.ents | data/kb/string.rels
Lambda:	1.0E-5		Learning Rate:	0.005
Max Iteration:	2000
Random Edge:	true
Regularization Type:	(standard)l2-l1
Edge Selected:	(standard)All
*****************************
eNum: 177450
data/UC/GSE12251/GSE12251_data.txt raw data have 15262 labels.
selected data have 5795 labels.
Edge number: 15619
standardize end
#    346562:    1:     GNAT3 346562 Protein
#      6118:    1:        RPA2 6118 Protein
#     81693:    1:        AMN 81693 Protein
#     92235:    1:     DUSP27 92235 Protein
#     84166:    1:      NLRC5 84166 Protein
#      5966:    1:         REL 5966 Protein
#      9785:    1:       DHX38 9785 Protein
#      5160:    1:       PDHA1 5160 Protein
#      3661:    1:        IRF3 3661 Protein
#     27436:    1:       EML4 27436 Protein
#      2268:    1:         FGR 2268 Protein
#      8549:    1:        LGR5 8549 Protein
#       633:    1:          BGN 633 Protein
#       652:    1:         BMP4 652 Protein
#      4636:    1:        MYL5 4636 Protein
#     10109:    1:      ARPC2 10109 Protein
#     84125:    1:     LRRIQ1 84125 Protein
#    145581:    1:     LRFN5 145581 Protein
#     11329:    1:      STK38 11329 Protein
#    401387:    1:     LRRD1 401387 Protein
#     55930:    1:      MYO5C 55930 Protein
#      8351:    1:    HIST1H3D 8351 Protein
#     84231:    1:      TRAF7 84231 Protein
#      1019:    1:        CDK4 1019 Protein
#       973:    1:        CD79A 973 Protein
#       828:    1:         CAPS 828 Protein
#      7080:    1:      NKX2-1 7080 Protein
#      9112:    1:        MTA1 9112 Protein
#      6868:    1:      ADAM17 6868 Protein
#      5879:    1:        RAC1 5879 Protein
#      1993:    1:      ELAVL2 1993 Protein
#     54952:    1:   TRNAU1AP 54952 Protein
#     10125:    1:    RASGRP1 10125 Protein
#      8323:    1:        FZD6 8323 Protein
#     51366:    1:       UBR5 51366 Protein
#     89910:    1:      UBE3B 89910 Protein
#     92815:    1:   HIST3H2A 92815 Protein
#     57531:    1:      HACE1 57531 Protein
#      4605:    1:       MYBL2 4605 Protein
#     27295:    1:     PDLIM3 27295 Protein
#     10494:    1:      STK25 10494 Protein
#      4691:    1:         NCL 4691 Protein
#       109:    1:        ADCY3 109 Protein
#      2295:    1:       FOXF2 2295 Protein
#       929:    1:         CD14 929 Protein
#     54556:    1:       ING3 54556 Protein
#      5296:    1:      PIK3R2 5296 Protein
#      3916:    1:       LAMP1 3916 Protein
#      5957:    1:       RCVRN 5957 Protein
#    728957:    1:   ZNF705D 728957 Protein
#      3224:    1:       HOXC8 3224 Protein
#     64744:    1:      SMAP2 64744 Protein
#     55801:    1:       IL26 55801 Protein
#      3006:    1:    HIST1H1C 3006 Protein
#     23774:    1:       BRD1 23774 Protein
#      3070:    1:       HELLS 3070 Protein
#     10152:    2:       ABI2 10152 Protein
#       898:    2:        CCNE1 898 Protein
#      9734:    2:       HDAC9 9734 Protein
#      1070:    2:       CETN3 1070 Protein
#     10572:    2:      SIVA1 10572 Protein
#      8764:    2:    TNFRSF14 8764 Protein
#      4627:    2:        MYH9 4627 Protein
#    115399:    2:    LRRC56 115399 Protein
#      6579:    2:     SLCO1A2 6579 Protein
#       326:    2:         AIRE 326 Protein
#      4294:    2:     MAP3K10 4294 Protein
#      3604:    2:     TNFRSF9 3604 Protein
#      2273:    2:        FHL1 2273 Protein
#     10803:    2:       CCR9 10803 Protein
#      4283:    2:       CXCL9 4283 Protein
#     10933:    2:    MORF4L1 10933 Protein
#      2335:    2:         FN1 2335 Protein
#     51765:    2:      STK26 51765 Protein
#    138429:    2:   PIP5KL1 138429 Protein
#      5829:    2:         PXN 5829 Protein
#      8394:    2:     PIP5K1A 8394 Protein
#      7482:    2:       WNT2B 7482 Protein
#      2180:    2:       ACSL1 2180 Protein
#     83931:    2:      STK40 83931 Protein
#    376497:    2:   SLC27A1 376497 Protein
#       216:    2:      ALDH1A1 216 Protein
#    116113:    2:     FOXP4 116113 Protein
#     10120:    2:     ACTR1B 10120 Protein
#     84181:    2:       CHD6 84181 Protein
#      8863:    3:        PER3 8863 Protein
#    254394:    3:      MCM9 254394 Protein
#     56956:    3:       LHX9 56956 Protein
#    116844:    3:      LRG1 116844 Protein
#      4825:    3:      NKX6-1 4825 Protein
#     51421:    3:     AMOTL2 51421 Protein
#     54658:    3:     UGT1A1 54658 Protein
#    142678:    3:      MIB2 142678 Protein
#      1052:    3:       CEBPD 1052 Protein
#      7125:    3:       TNNC2 7125 Protein
#      5626:    3:       PROP1 5626 Protein
#      5563:    3:      PRKAA2 5563 Protein
#      1814:    3:        DRD3 1814 Protein
#      6794:    3:       STK11 6794 Protein
#       123:    3:        PLIN2 123 Protein
#      2746:    3:       GLUD1 2746 Protein
#      4927:    3:       NUP88 4927 Protein
#     11266:    3:     DUSP12 11266 Protein
#      2790:    4:       GNG10 2790 Protein
#      4824:    4:      NKX3-1 4824 Protein
#      4647:    4:       MYO7A 4647 Protein
#    192669:    4:      AGO3 192669 Protein
#     64422:    4:       ATG3 64422 Protein
#     11251:    4:     PTGDR2 11251 Protein
#      5337:    4:        PLD1 5337 Protein
#        27:    4:          ABL2 27 Protein
#      1288:    4:      COL4A6 1288 Protein
#     29945:    4:     ANAPC4 29945 Protein
#      6770:    4:        STAR 6770 Protein
#      2042:    4:       EPHA3 2042 Protein
#      7044:    4:      LEFTY2 7044 Protein
#      2487:    4:        FRZB 2487 Protein
#      9320:    4:      TRIP12 9320 Protein
#      2249:    4:        FGF4 2249 Protein
#     91750:    4:      LIN52 91750 Protein
# 100132396:    4:ZNF705B 100132396 Protein
#     23030:    4:      KDM4B 23030 Protein
#      5917:    5:        RARS 5917 Protein
#      1000:    5:        CDH2 1000 Protein
#    286151:    5:    FBXO43 286151 Protein
#    339416:    5:   ANKRD45 339416 Protein
#      5058:    5:        PAK1 5058 Protein
#      2002:    5:        ELK1 2002 Protein
#      1996:    5:      ELAVL4 1996 Protein
#      3169:    5:       FOXA1 3169 Protein
#       596:    5:         BCL2 596 Protein
#      5071:    5:       PARK2 5071 Protein
#      1268:    5:        CNR1 1268 Protein
# 100381270:    5:  ZBED6 100381270 Protein
#    283659:    5:      PRTG 283659 Protein
#     10681:    6:       GNB5 10681 Protein
#     54963:    6:      UCKL1 54963 Protein
#       650:    6:         BMP2 650 Protein
#     50846:    6:        DHH 50846 Protein
#     10212:    6:     DDX39A 10212 Protein
#     90506:    6:     LRRC46 90506 Protein
#      5157:    6:      PDGFRL 5157 Protein
#    340156:    6:     MYLK4 340156 Protein
#      1237:    6:        CCR8 1237 Protein
#     51174:    6:      TUBD1 51174 Protein
#      8697:    6:       CDC23 8697 Protein
#      3013:    6:   HIST1H2AD 3013 Protein
#      4615:    6:       MYD88 4615 Protein
#       112:    6:        ADCY6 112 Protein
#      6272:    6:       SORT1 6272 Protein
#      5139:    6:       PDE3A 5139 Protein
#     80333:    6:     KCNIP4 80333 Protein
#     57722:    6:     IGDCC4 57722 Protein
#     64837:    7:       KLC2 64837 Protein
#      8467:    7:     SMARCA5 8467 Protein
#     23513:    7:      SCRIB 23513 Protein
#     25819:    7:     CCRN4L 25819 Protein
#     23049:    7:       SMG1 23049 Protein
#     10893:    7:      MMP24 10893 Protein
#      9117:    7:      SEC22C 9117 Protein
#      6830:    7:      SUPT6H 6830 Protein
#    259217:    8:   HSPA12A 259217 Protein
#      7444:    8:        VRK2 7444 Protein
#      5063:    8:        PAK3 5063 Protein
#      2065:    8:       ERBB3 2065 Protein
#     91860:    8:     CALML4 91860 Protein
#       928:    8:          CD9 928 Protein
#      2306:    8:       FOXD2 2306 Protein
#      1975:    9:       EIF4B 1975 Protein
#     55661:    9:      DDX27 55661 Protein
#      1050:    9:       CEBPA 1050 Protein
#     11328:    9:      FKBP9 11328 Protein
#      4176:   10:        MCM7 4176 Protein
#      5080:   10:        PAX6 5080 Protein
#    116984:   10:     ARAP2 116984 Protein
#     23462:   11:       HEY1 23462 Protein
#      6899:   12:        TBX1 6899 Protein
#      1459:   12:     CSNK2A2 1459 Protein
#    221079:   12:     ARL5B 221079 Protein
#      1374:   12:       CPT1A 1374 Protein
#     85480:   12:       TSLP 85480 Protein
#      6009:   13:        RHEB 6009 Protein
#      8912:   13:     CACNA1H 8912 Protein
#       632:   13:        BGLAP 632 Protein
#      2045:   13:       EPHA7 2045 Protein
#       653:   13:         BMP5 653 Protein
#      5516:   13:      PPP2CB 5516 Protein
#      7458:   14:       EIF4H 7458 Protein
#      1293:   14:      COL6A3 1293 Protein
#      6688:   14:        SPI1 6688 Protein
#      5924:   14:     RASGRF2 5924 Protein
#    128553:   14:     TSHZ2 128553 Protein
#      3219:   15:       HOXB9 3219 Protein
#      6863:   15:        TAC1 6863 Protein
#     79977:   15:      GRHL2 79977 Protein
#      9014:   16:       TAF1B 9014 Protein
#    161514:   17:   TBC1D21 161514 Protein
#     55193:   17:      PBRM1 55193 Protein
#     57510:   18:       XPO5 57510 Protein
#      6376:   19:      CX3CL1 6376 Protein
#     57611:   20:      ISLR2 57611 Protein
#     80005:   20:      DOCK5 80005 Protein
#     54821:   20:     ERCC6L 54821 Protein
#      2296:   21:       FOXC1 2296 Protein
#      5347:   22:        PLK1 5347 Protein
#      7280:   25:      TUBB2A 7280 Protein
#      5305:   26:     PIP4K2A 5305 Protein
******Input Information******
Top-10 Bootstrap
Train File:	data/UC/GSE12251/GSE12251_data.txt
Network File:	data/kb/string.ents | data/kb/string.rels
Lambda:	1.0E-5		Learning Rate:	0.005
Max Iteration:	2000
Random Edge:	true
Regularization Type:	(standard)l2-l1
Edge Selected:	(standard)All
*****************************
eNum: 177450
data/UC/GSE12251/GSE12251_data.txt raw data have 15262 labels.
selected data have 5795 labels.
Edge number: 15619
standardize end
#    346562:    1:     GNAT3 346562 Protein
#      6118:    1:        RPA2 6118 Protein
#     81693:    1:        AMN 81693 Protein
#     92235:    1:     DUSP27 92235 Protein
#     84166:    1:      NLRC5 84166 Protein
#      5966:    1:         REL 5966 Protein
#      9785:    1:       DHX38 9785 Protein
#      5160:    1:       PDHA1 5160 Protein
#      3661:    1:        IRF3 3661 Protein
#     27436:    1:       EML4 27436 Protein
#      2268:    1:         FGR 2268 Protein
#      8549:    1:        LGR5 8549 Protein
#       633:    1:          BGN 633 Protein
#       652:    1:         BMP4 652 Protein
#      4636:    1:        MYL5 4636 Protein
#     10109:    1:      ARPC2 10109 Protein
#     84125:    1:     LRRIQ1 84125 Protein
#    145581:    1:     LRFN5 145581 Protein
#     11329:    1:      STK38 11329 Protein
#    401387:    1:     LRRD1 401387 Protein
#     55930:    1:      MYO5C 55930 Protein
#      8351:    1:    HIST1H3D 8351 Protein
#     84231:    1:      TRAF7 84231 Protein
#      1019:    1:        CDK4 1019 Protein
#       973:    1:        CD79A 973 Protein
#       828:    1:         CAPS 828 Protein
#      7080:    1:      NKX2-1 7080 Protein
#      9112:    1:        MTA1 9112 Protein
#      6868:    1:      ADAM17 6868 Protein
#      5879:    1:        RAC1 5879 Protein
#      1993:    1:      ELAVL2 1993 Protein
#     54952:    1:   TRNAU1AP 54952 Protein
#     10125:    1:    RASGRP1 10125 Protein
#      8323:    1:        FZD6 8323 Protein
#     51366:    1:       UBR5 51366 Protein
#     89910:    1:      UBE3B 89910 Protein
#     92815:    1:   HIST3H2A 92815 Protein
#     57531:    1:      HACE1 57531 Protein
#      4605:    1:       MYBL2 4605 Protein
#     27295:    1:     PDLIM3 27295 Protein
#     10494:    1:      STK25 10494 Protein
#      4691:    1:         NCL 4691 Protein
#       109:    1:        ADCY3 109 Protein
#      2295:    1:       FOXF2 2295 Protein
#       929:    1:         CD14 929 Protein
#     54556:    1:       ING3 54556 Protein
#      5296:    1:      PIK3R2 5296 Protein
#      3916:    1:       LAMP1 3916 Protein
#      5957:    1:       RCVRN 5957 Protein
#    728957:    1:   ZNF705D 728957 Protein
#      3224:    1:       HOXC8 3224 Protein
#     64744:    1:      SMAP2 64744 Protein
#     55801:    1:       IL26 55801 Protein
#      3006:    1:    HIST1H1C 3006 Protein
#     23774:    1:       BRD1 23774 Protein
#      3070:    1:       HELLS 3070 Protein
#     10152:    2:       ABI2 10152 Protein
#       898:    2:        CCNE1 898 Protein
#      9734:    2:       HDAC9 9734 Protein
#      1070:    2:       CETN3 1070 Protein
#     10572:    2:      SIVA1 10572 Protein
#      8764:    2:    TNFRSF14 8764 Protein
#      4627:    2:        MYH9 4627 Protein
#    115399:    2:    LRRC56 115399 Protein
#      6579:    2:     SLCO1A2 6579 Protein
#       326:    2:         AIRE 326 Protein
#      4294:    2:     MAP3K10 4294 Protein
#      3604:    2:     TNFRSF9 3604 Protein
#      2273:    2:        FHL1 2273 Protein
#     10803:    2:       CCR9 10803 Protein
#      4283:    2:       CXCL9 4283 Protein
#     10933:    2:    MORF4L1 10933 Protein
#      2335:    2:         FN1 2335 Protein
#     51765:    2:      STK26 51765 Protein
#    138429:    2:   PIP5KL1 138429 Protein
#      5829:    2:         PXN 5829 Protein
#      8394:    2:     PIP5K1A 8394 Protein
#      7482:    2:       WNT2B 7482 Protein
#      2180:    2:       ACSL1 2180 Protein
#     83931:    2:      STK40 83931 Protein
#    376497:    2:   SLC27A1 376497 Protein
#       216:    2:      ALDH1A1 216 Protein
#    116113:    2:     FOXP4 116113 Protein
#     10120:    2:     ACTR1B 10120 Protein
#     84181:    2:       CHD6 84181 Protein
#      8863:    3:        PER3 8863 Protein
#    254394:    3:      MCM9 254394 Protein
#     56956:    3:       LHX9 56956 Protein
#    116844:    3:      LRG1 116844 Protein
#      4825:    3:      NKX6-1 4825 Protein
#     51421:    3:     AMOTL2 51421 Protein
#     54658:    3:     UGT1A1 54658 Protein
#    142678:    3:      MIB2 142678 Protein
#      1052:    3:       CEBPD 1052 Protein
#      7125:    3:       TNNC2 7125 Protein
#      5626:    3:       PROP1 5626 Protein
#      5563:    3:      PRKAA2 5563 Protein
#      1814:    3:        DRD3 1814 Protein
#      6794:    3:       STK11 6794 Protein
#       123:    3:        PLIN2 123 Protein
#      2746:    3:       GLUD1 2746 Protein
#      4927:    3:       NUP88 4927 Protein
#     11266:    3:     DUSP12 11266 Protein
#      2790:    4:       GNG10 2790 Protein
#      4824:    4:      NKX3-1 4824 Protein
#      4647:    4:       MYO7A 4647 Protein
#    192669:    4:      AGO3 192669 Protein
#     64422:    4:       ATG3 64422 Protein
#     11251:    4:     PTGDR2 11251 Protein
#      5337:    4:        PLD1 5337 Protein
#        27:    4:          ABL2 27 Protein
#      1288:    4:      COL4A6 1288 Protein
#     29945:    4:     ANAPC4 29945 Protein
#      6770:    4:        STAR 6770 Protein
#      2042:    4:       EPHA3 2042 Protein
#      7044:    4:      LEFTY2 7044 Protein
#      2487:    4:        FRZB 2487 Protein
#      9320:    4:      TRIP12 9320 Protein
#      2249:    4:        FGF4 2249 Protein
#     91750:    4:      LIN52 91750 Protein
# 100132396:    4:ZNF705B 100132396 Protein
#     23030:    4:      KDM4B 23030 Protein
#      5917:    5:        RARS 5917 Protein
#      1000:    5:        CDH2 1000 Protein
#    286151:    5:    FBXO43 286151 Protein
#    339416:    5:   ANKRD45 339416 Protein
#      5058:    5:        PAK1 5058 Protein
#      2002:    5:        ELK1 2002 Protein
#      1996:    5:      ELAVL4 1996 Protein
#      3169:    5:       FOXA1 3169 Protein
#       596:    5:         BCL2 596 Protein
#      5071:    5:       PARK2 5071 Protein
#      1268:    5:        CNR1 1268 Protein
# 100381270:    5:  ZBED6 100381270 Protein
#    283659:    5:      PRTG 283659 Protein
#     10681:    6:       GNB5 10681 Protein
#     54963:    6:      UCKL1 54963 Protein
#       650:    6:         BMP2 650 Protein
#     50846:    6:        DHH 50846 Protein
#     10212:    6:     DDX39A 10212 Protein
#     90506:    6:     LRRC46 90506 Protein
#      5157:    6:      PDGFRL 5157 Protein
#    340156:    6:     MYLK4 340156 Protein
#      1237:    6:        CCR8 1237 Protein
#     51174:    6:      TUBD1 51174 Protein
#      8697:    6:       CDC23 8697 Protein
#      3013:    6:   HIST1H2AD 3013 Protein
#      4615:    6:       MYD88 4615 Protein
#       112:    6:        ADCY6 112 Protein
#      6272:    6:       SORT1 6272 Protein
#      5139:    6:       PDE3A 5139 Protein
#     80333:    6:     KCNIP4 80333 Protein
#     57722:    6:     IGDCC4 57722 Protein
#     64837:    7:       KLC2 64837 Protein
#      8467:    7:     SMARCA5 8467 Protein
#     23513:    7:      SCRIB 23513 Protein
#     25819:    7:     CCRN4L 25819 Protein
#     23049:    7:       SMG1 23049 Protein
#     10893:    7:      MMP24 10893 Protein
#      9117:    7:      SEC22C 9117 Protein
#      6830:    7:      SUPT6H 6830 Protein
#    259217:    8:   HSPA12A 259217 Protein
#      7444:    8:        VRK2 7444 Protein
#      5063:    8:        PAK3 5063 Protein
#      2065:    8:       ERBB3 2065 Protein
#     91860:    8:     CALML4 91860 Protein
#       928:    8:          CD9 928 Protein
#      2306:    8:       FOXD2 2306 Protein
#      1975:    9:       EIF4B 1975 Protein
#     55661:    9:      DDX27 55661 Protein
#      1050:    9:       CEBPA 1050 Protein
#     11328:    9:      FKBP9 11328 Protein
#      4176:   10:        MCM7 4176 Protein
#      5080:   10:        PAX6 5080 Protein
#    116984:   10:     ARAP2 116984 Protein
#     23462:   11:       HEY1 23462 Protein
#      6899:   12:        TBX1 6899 Protein
#      1459:   12:     CSNK2A2 1459 Protein
#    221079:   12:     ARL5B 221079 Protein
#      1374:   12:       CPT1A 1374 Protein
#     85480:   12:       TSLP 85480 Protein
#      6009:   13:        RHEB 6009 Protein
#      8912:   13:     CACNA1H 8912 Protein
#       632:   13:        BGLAP 632 Protein
#      2045:   13:       EPHA7 2045 Protein
#       653:   13:         BMP5 653 Protein
#      5516:   13:      PPP2CB 5516 Protein
#      7458:   14:       EIF4H 7458 Protein
#      1293:   14:      COL6A3 1293 Protein
#      6688:   14:        SPI1 6688 Protein
#      5924:   14:     RASGRF2 5924 Protein
#    128553:   14:     TSHZ2 128553 Protein
#      3219:   15:       HOXB9 3219 Protein
#      6863:   15:        TAC1 6863 Protein
#     79977:   15:      GRHL2 79977 Protein
#      9014:   16:       TAF1B 9014 Protein
#    161514:   17:   TBC1D21 161514 Protein
#     55193:   17:      PBRM1 55193 Protein
#     57510:   18:       XPO5 57510 Protein
#      6376:   19:      CX3CL1 6376 Protein
#     57611:   20:      ISLR2 57611 Protein
#     80005:   20:      DOCK5 80005 Protein
#     54821:   20:     ERCC6L 54821 Protein
#      2296:   21:       FOXC1 2296 Protein
#      5347:   22:        PLK1 5347 Protein
#      7280:   25:      TUBB2A 7280 Protein
#      5305:   26:     PIP4K2A 5305 Protein
******Input Information******
Top-10 Bootstrap
Train File:	data/UC/GSE14580/GSE14580_data.txt
Network File:	data/kb/string.ents | data/kb/string.rels
Lambda:	1.0E-5		Learning Rate:	0.005
Max Iteration:	2000
Random Edge:	true
Regularization Type:	(standard)l2-l1
Edge Selected:	(standard)All
*****************************
eNum: 177450
data/UC/GSE14580/GSE14580_data.txt raw data have 15595 labels.
selected data have 5578 labels.
Edge number: 15270
standardize end
#      1808:    1:      DPYSL2 1808 Protein
#    253260:    1:    RICTOR 253260 Protein
#    374955:    1:   SPATA21 374955 Protein
#       654:    1:         BMP6 654 Protein
#      1123:    1:        CHN1 1123 Protein
#      8986:    1:     RPS6KA4 8986 Protein
#      1408:    1:        CRY2 1408 Protein
#      1842:    1:        ECM2 1842 Protein
#     80233:    1:   C17orf70 80233 Protein
#    375287:    1:     RBM43 375287 Protein
#     55366:    1:       LGR4 55366 Protein
#     25937:    1:      WWTR1 25937 Protein
#     84364:    1:    ARFGAP2 84364 Protein
#     51284:    1:       TLR7 51284 Protein
#      1370:    1:        CPN2 1370 Protein
#      4958:    1:         OMD 4958 Protein
#      3013:    1:   HIST1H2AD 3013 Protein
#      3955:    1:        LFNG 3955 Protein
#     10627:    1:     MYL12A 10627 Protein
#     11214:    1:     AKAP13 11214 Protein
#    221895:    1:     JAZF1 221895 Protein
#     22999:    1:      RIMS1 22999 Protein
#      6272:    1:       SORT1 6272 Protein
#     55957:    1:      LIN37 55957 Protein
#      4488:    1:        MSX2 4488 Protein
#     11317:    1:      RBPJL 11317 Protein
#     54922:    1:     RASIP1 54922 Protein
#      3355:    1:       HTR1F 3355 Protein
#    223117:    1:    SEMA3D 223117 Protein
#     84289:    1:       ING5 84289 Protein
#     11097:    1:      NUPL2 11097 Protein
#      5573:    1:     PRKAR1A 5573 Protein
#    154810:    1:    AMOTL1 154810 Protein
#     79977:    1:      GRHL2 79977 Protein
#      7296:    1:      TXNRD1 7296 Protein
#      3667:    1:        IRS1 3667 Protein
#        86:    1:        ACTL6A 86 Protein
#    284382:    1:     ACTL9 284382 Protein
#     27352:    1:      SGSM3 27352 Protein
#     89884:    1:       LHX4 89884 Protein
#       391:    1:         RHOG 391 Protein
#        58:    1:         ACTA1 58 Protein
#     26086:    1:      GPSM1 26086 Protein
#        59:    1:         ACTA2 59 Protein
#     79861:    1:     TUBAL3 79861 Protein
#     58158:    1:    NEUROD4 58158 Protein
#     51303:    1:     FKBP11 51303 Protein
#      8800:    1:      PEX11A 8800 Protein
#      5170:    1:       PDPK1 5170 Protein
#    171177:    1:      RHOV 171177 Protein
#      3400:    1:         ID4 3400 Protein
#      7301:    1:       TYRO3 7301 Protein
#      3574:    1:         IL7 3574 Protein
#     11251:    1:     PTGDR2 11251 Protein
#      4780:    1:      NFE2L2 4780 Protein
#      5328:    1:        PLAU 5328 Protein
#      1237:    1:        CCR8 1237 Protein
#      5777:    1:       PTPN6 5777 Protein
#      3691:    1:       ITGB4 3691 Protein
#      5468:    1:       PPARG 5468 Protein
#     57402:    1:    S100A14 57402 Protein
#      5306:    1:      PITPNA 5306 Protein
#     54961:    1:       SSH3 54961 Protein
#      3918:    1:       LAMC2 3918 Protein
#      1845:    1:       DUSP3 1845 Protein
#      5747:    1:        PTK2 5747 Protein
#     53407:    1:      STX18 53407 Protein
#      7068:    1:        THRB 7068 Protein
#      1969:    1:       EPHA2 1969 Protein
#     10490:    1:      VTI1B 10490 Protein
#      4049:    1:         LTA 4049 Protein
#     54503:    2:    ZDHHC13 54503 Protein
#    139285:    2:     AMER1 139285 Protein
#      5593:    2:       PRKG2 5593 Protein
#     63943:    2:      FKBPL 63943 Protein
#      8336:    2:   HIST1H2AM 8336 Protein
#      3211:    2:       HOXB1 3211 Protein
#      2322:    2:        FLT3 2322 Protein
#      6907:    2:       TBL1X 6907 Protein
#      4826:    2:        NNAT 4826 Protein
#      3123:    2:    HLA-DRB1 3123 Protein
#     65999:    2:     LRRC61 65999 Protein
#      1981:    2:      EIF4G1 1981 Protein
#      1557:    2:     CYP2C19 1557 Protein
#      2197:    2:         FAU 2197 Protein
#     55850:    2:       USE1 55850 Protein
#     10735:    2:      STAG2 10735 Protein
#      9546:    3:       APBA3 9546 Protein
#       394:    3:      ARHGAP5 394 Protein
#     64806:    3:       IL25 64806 Protein
#     51434:    3:     ANAPC7 51434 Protein
#      7471:    3:        WNT1 7471 Protein
#      7319:    3:       UBE2A 7319 Protein
#      4544:    3:      MTNR1B 4544 Protein
#     64326:    3:      RFWD2 64326 Protein
#       213:    3:          ALB 213 Protein
#      2960:    3:      GTF2E1 2960 Protein
#      2044:    3:       EPHA5 2044 Protein
#     22913:    3:       RALY 22913 Protein
#    343069:    3:  HNRNPCL1 343069 Protein
#     51428:    4:      DDX41 51428 Protein
#      2187:    4:       FANCB 2187 Protein
#      3456:    4:       IFNB1 3456 Protein
#      4542:    4:       MYO1F 4542 Protein
#     10765:    4:      KDM5B 10765 Protein
#    153020:    4:  RASGEF1B 153020 Protein
#      2911:    4:        GRM1 2911 Protein
#      9572:    4:       NR1D1 9572 Protein
#      3303:    4:      HSPA1A 3303 Protein
#      1436:    4:       CSF1R 1436 Protein
#     57534:    5:       MIB1 57534 Protein
#      8738:    5:       CRADD 8738 Protein
#      8395:    5:     PIP5K1B 8395 Protein
#      5479:    5:        PPIB 5479 Protein
#       301:    5:        ANXA1 301 Protein
#     11132:    5:     CAPN10 11132 Protein
#     55357:    5:     TBC1D2 55357 Protein
#      1902:    5:       LPAR1 1902 Protein
#     23551:    5:      RASD2 23551 Protein
#    256076:    5:    COL6A5 256076 Protein
#      9656:    6:        MDC1 9656 Protein
#     51422:    6:     PRKAG2 51422 Protein
#      4686:    6:       NCBP1 4686 Protein
#      5626:    6:       PROP1 5626 Protein
#    115399:    6:    LRRC56 115399 Protein
#    160760:    6:     PPTC7 160760 Protein
#     51655:    6:      RASD1 51655 Protein
#    154288:    6:    KHDC3L 154288 Protein
#     26271:    6:      FBXO5 26271 Protein
#       801:    6:        CALM1 801 Protein
#     10637:    7:     LEFTY1 10637 Protein
#    347731:    7:    LRRTM3 347731 Protein
#      5594:    7:       MAPK1 5594 Protein
#    286826:    7:      LIN9 286826 Protein
#    254272:    7:   TBC1D28 254272 Protein
#      5792:    7:       PTPRF 5792 Protein
#        34:    7:         ACADM 34 Protein
#      1280:    7:      COL2A1 1280 Protein
#      8438:    7:      RAD54L 8438 Protein
#    131873:    7:    COL6A6 131873 Protein
#     55870:    7:      ASH1L 55870 Protein
#     93986:    7:      FOXP2 93986 Protein
#     84271:    8:    POLDIP3 84271 Protein
#      6422:    8:       SFRP1 6422 Protein
#      2049:    8:       EPHB3 2049 Protein
#     54952:    8:   TRNAU1AP 54952 Protein
#      9739:    8:      SETD1A 9739 Protein
#       356:    9:        FASLG 356 Protein
#      5583:    9:       PRKCH 5583 Protein
#      6464:    9:        SHC1 6464 Protein
#      4294:    9:     MAP3K10 4294 Protein
#       969:    9:         CD69 969 Protein
#      5902:   10:      RANBP1 5902 Protein
#     27128:   10:      CYTH4 27128 Protein
#      9781:   11:     RNF144A 9781 Protein
#       898:   11:        CCNE1 898 Protein
#      4635:   12:        MYL4 4635 Protein
#       545:   12:          ATR 545 Protein
#      9547:   12:      CXCL14 9547 Protein
#      3007:   13:    HIST1H1D 3007 Protein
#     79414:   13:      LRFN3 79414 Protein
#      4193:   13:        MDM2 4193 Protein
#     23314:   13:      SATB2 23314 Protein
#    283455:   13:      KSR2 283455 Protein
#     23216:   14:     TBC1D1 23216 Protein
#     90990:   15:      KIFC2 90990 Protein
#     79935:   15:      CNTD2 79935 Protein
#     11065:   15:      UBE2C 11065 Protein
#      8022:   15:        LHX3 8022 Protein
#      3441:   15:       IFNA4 3441 Protein
#      4855:   16:      NOTCH4 4855 Protein
#      5062:   16:        PAK2 5062 Protein
#      7343:   16:        UBTF 7343 Protein
#      8456:   16:       FOXN1 8456 Protein
#      7044:   17:      LEFTY2 7044 Protein
#      4664:   17:        NAB1 4664 Protein
#     55215:   18:      FANCI 55215 Protein
#      2149:   19:         F2R 2149 Protein
#       152:   19:       ADRA2C 152 Protein
#      2978:   19:      GUCA1A 2978 Protein
#      7052:   21:        TGM2 7052 Protein
#    283748:   23:   PLA2G4D 283748 Protein
#      3913:   24:       LAMB2 3913 Protein
#     79598:   26:      CEP97 79598 Protein
#     11213:   27:      IRAK3 11213 Protein
#      1278:   27:      COL1A2 1278 Protein
#      5047:   27:        PAEP 5047 Protein
#      1230:   28:        CCR1 1230 Protein
#       369:   31:         ARAF 369 Protein
******Input Information******
Top-10 Bootstrap
Train File:	data/UC/GSE12251/GSE12251_data.txt
Network File:	data/kb/string.ents | data/kb/string.rels
Lambda:	1.0E-5		Learning Rate:	0.005
Max Iteration:	2000
Random Edge:	true
Regularization Type:	(standard)l2-l1
Edge Selected:	(standard)All
*****************************
eNum: 177450
data/UC/GSE12251/GSE12251_data.txt raw data have 15262 labels.
selected data have 5795 labels.
Edge number: 15619
standardize end
#    346562:    1:     GNAT3 346562 Protein
#      6118:    1:        RPA2 6118 Protein
#     81693:    1:        AMN 81693 Protein
#     92235:    1:     DUSP27 92235 Protein
#     84166:    1:      NLRC5 84166 Protein
#      5966:    1:         REL 5966 Protein
#      9785:    1:       DHX38 9785 Protein
#      5160:    1:       PDHA1 5160 Protein
#      3661:    1:        IRF3 3661 Protein
#     27436:    1:       EML4 27436 Protein
#      2268:    1:         FGR 2268 Protein
#      8549:    1:        LGR5 8549 Protein
#       633:    1:          BGN 633 Protein
#       652:    1:         BMP4 652 Protein
#      4636:    1:        MYL5 4636 Protein
#     10109:    1:      ARPC2 10109 Protein
#     84125:    1:     LRRIQ1 84125 Protein
#    145581:    1:     LRFN5 145581 Protein
#     11329:    1:      STK38 11329 Protein
#    401387:    1:     LRRD1 401387 Protein
#     55930:    1:      MYO5C 55930 Protein
#      8351:    1:    HIST1H3D 8351 Protein
#     84231:    1:      TRAF7 84231 Protein
#      1019:    1:        CDK4 1019 Protein
#       973:    1:        CD79A 973 Protein
#       828:    1:         CAPS 828 Protein
#      7080:    1:      NKX2-1 7080 Protein
#      9112:    1:        MTA1 9112 Protein
#      6868:    1:      ADAM17 6868 Protein
#      5879:    1:        RAC1 5879 Protein
#      1993:    1:      ELAVL2 1993 Protein
#     54952:    1:   TRNAU1AP 54952 Protein
#     10125:    1:    RASGRP1 10125 Protein
#      8323:    1:        FZD6 8323 Protein
#     51366:    1:       UBR5 51366 Protein
#     89910:    1:      UBE3B 89910 Protein
#     92815:    1:   HIST3H2A 92815 Protein
#     57531:    1:      HACE1 57531 Protein
#      4605:    1:       MYBL2 4605 Protein
#     27295:    1:     PDLIM3 27295 Protein
#     10494:    1:      STK25 10494 Protein
#      4691:    1:         NCL 4691 Protein
#       109:    1:        ADCY3 109 Protein
#      2295:    1:       FOXF2 2295 Protein
#       929:    1:         CD14 929 Protein
#     54556:    1:       ING3 54556 Protein
#      5296:    1:      PIK3R2 5296 Protein
#      3916:    1:       LAMP1 3916 Protein
#      5957:    1:       RCVRN 5957 Protein
#    728957:    1:   ZNF705D 728957 Protein
#      3224:    1:       HOXC8 3224 Protein
#     64744:    1:      SMAP2 64744 Protein
#     55801:    1:       IL26 55801 Protein
#      3006:    1:    HIST1H1C 3006 Protein
#     23774:    1:       BRD1 23774 Protein
#      3070:    1:       HELLS 3070 Protein
#     10152:    2:       ABI2 10152 Protein
#       898:    2:        CCNE1 898 Protein
#      9734:    2:       HDAC9 9734 Protein
#      1070:    2:       CETN3 1070 Protein
#     10572:    2:      SIVA1 10572 Protein
#      8764:    2:    TNFRSF14 8764 Protein
#      4627:    2:        MYH9 4627 Protein
#    115399:    2:    LRRC56 115399 Protein
#      6579:    2:     SLCO1A2 6579 Protein
#       326:    2:         AIRE 326 Protein
#      4294:    2:     MAP3K10 4294 Protein
#      3604:    2:     TNFRSF9 3604 Protein
#      2273:    2:        FHL1 2273 Protein
#     10803:    2:       CCR9 10803 Protein
#      4283:    2:       CXCL9 4283 Protein
#     10933:    2:    MORF4L1 10933 Protein
#      2335:    2:         FN1 2335 Protein
#     51765:    2:      STK26 51765 Protein
#    138429:    2:   PIP5KL1 138429 Protein
#      5829:    2:         PXN 5829 Protein
#      8394:    2:     PIP5K1A 8394 Protein
#      7482:    2:       WNT2B 7482 Protein
#      2180:    2:       ACSL1 2180 Protein
#     83931:    2:      STK40 83931 Protein
#    376497:    2:   SLC27A1 376497 Protein
#       216:    2:      ALDH1A1 216 Protein
#    116113:    2:     FOXP4 116113 Protein
#     10120:    2:     ACTR1B 10120 Protein
#     84181:    2:       CHD6 84181 Protein
#      8863:    3:        PER3 8863 Protein
#    254394:    3:      MCM9 254394 Protein
#     56956:    3:       LHX9 56956 Protein
#    116844:    3:      LRG1 116844 Protein
#      4825:    3:      NKX6-1 4825 Protein
#     51421:    3:     AMOTL2 51421 Protein
#     54658:    3:     UGT1A1 54658 Protein
#    142678:    3:      MIB2 142678 Protein
#      1052:    3:       CEBPD 1052 Protein
#      7125:    3:       TNNC2 7125 Protein
#      5626:    3:       PROP1 5626 Protein
#      5563:    3:      PRKAA2 5563 Protein
#      1814:    3:        DRD3 1814 Protein
#      6794:    3:       STK11 6794 Protein
#       123:    3:        PLIN2 123 Protein
#      2746:    3:       GLUD1 2746 Protein
#      4927:    3:       NUP88 4927 Protein
#     11266:    3:     DUSP12 11266 Protein
#      2790:    4:       GNG10 2790 Protein
#      4824:    4:      NKX3-1 4824 Protein
#      4647:    4:       MYO7A 4647 Protein
#    192669:    4:      AGO3 192669 Protein
#     64422:    4:       ATG3 64422 Protein
#     11251:    4:     PTGDR2 11251 Protein
#      5337:    4:        PLD1 5337 Protein
#        27:    4:          ABL2 27 Protein
#      1288:    4:      COL4A6 1288 Protein
#     29945:    4:     ANAPC4 29945 Protein
#      6770:    4:        STAR 6770 Protein
#      2042:    4:       EPHA3 2042 Protein
#      7044:    4:      LEFTY2 7044 Protein
#      2487:    4:        FRZB 2487 Protein
#      9320:    4:      TRIP12 9320 Protein
#      2249:    4:        FGF4 2249 Protein
#     91750:    4:      LIN52 91750 Protein
# 100132396:    4:ZNF705B 100132396 Protein
#     23030:    4:      KDM4B 23030 Protein
#      5917:    5:        RARS 5917 Protein
#      1000:    5:        CDH2 1000 Protein
#    286151:    5:    FBXO43 286151 Protein
#    339416:    5:   ANKRD45 339416 Protein
#      5058:    5:        PAK1 5058 Protein
#      2002:    5:        ELK1 2002 Protein
#      1996:    5:      ELAVL4 1996 Protein
#      3169:    5:       FOXA1 3169 Protein
#       596:    5:         BCL2 596 Protein
#      5071:    5:       PARK2 5071 Protein
#      1268:    5:        CNR1 1268 Protein
# 100381270:    5:  ZBED6 100381270 Protein
#    283659:    5:      PRTG 283659 Protein
#     10681:    6:       GNB5 10681 Protein
#     54963:    6:      UCKL1 54963 Protein
#       650:    6:         BMP2 650 Protein
#     50846:    6:        DHH 50846 Protein
#     10212:    6:     DDX39A 10212 Protein
#     90506:    6:     LRRC46 90506 Protein
#      5157:    6:      PDGFRL 5157 Protein
#    340156:    6:     MYLK4 340156 Protein
#      1237:    6:        CCR8 1237 Protein
#     51174:    6:      TUBD1 51174 Protein
#      8697:    6:       CDC23 8697 Protein
#      3013:    6:   HIST1H2AD 3013 Protein
#      4615:    6:       MYD88 4615 Protein
#       112:    6:        ADCY6 112 Protein
#      6272:    6:       SORT1 6272 Protein
#      5139:    6:       PDE3A 5139 Protein
#     80333:    6:     KCNIP4 80333 Protein
#     57722:    6:     IGDCC4 57722 Protein
#     64837:    7:       KLC2 64837 Protein
#      8467:    7:     SMARCA5 8467 Protein
#     23513:    7:      SCRIB 23513 Protein
#     25819:    7:     CCRN4L 25819 Protein
#     23049:    7:       SMG1 23049 Protein
#     10893:    7:      MMP24 10893 Protein
#      9117:    7:      SEC22C 9117 Protein
#      6830:    7:      SUPT6H 6830 Protein
#    259217:    8:   HSPA12A 259217 Protein
#      7444:    8:        VRK2 7444 Protein
#      5063:    8:        PAK3 5063 Protein
#      2065:    8:       ERBB3 2065 Protein
#     91860:    8:     CALML4 91860 Protein
#       928:    8:          CD9 928 Protein
#      2306:    8:       FOXD2 2306 Protein
#      1975:    9:       EIF4B 1975 Protein
#     55661:    9:      DDX27 55661 Protein
#      1050:    9:       CEBPA 1050 Protein
#     11328:    9:      FKBP9 11328 Protein
#      4176:   10:        MCM7 4176 Protein
#      5080:   10:        PAX6 5080 Protein
#    116984:   10:     ARAP2 116984 Protein
#     23462:   11:       HEY1 23462 Protein
#      6899:   12:        TBX1 6899 Protein
#      1459:   12:     CSNK2A2 1459 Protein
#    221079:   12:     ARL5B 221079 Protein
#      1374:   12:       CPT1A 1374 Protein
#     85480:   12:       TSLP 85480 Protein
#      6009:   13:        RHEB 6009 Protein
#      8912:   13:     CACNA1H 8912 Protein
#       632:   13:        BGLAP 632 Protein
#      2045:   13:       EPHA7 2045 Protein
#       653:   13:         BMP5 653 Protein
#      5516:   13:      PPP2CB 5516 Protein
#      7458:   14:       EIF4H 7458 Protein
#      1293:   14:      COL6A3 1293 Protein
#      6688:   14:        SPI1 6688 Protein
#      5924:   14:     RASGRF2 5924 Protein
#    128553:   14:     TSHZ2 128553 Protein
#      3219:   15:       HOXB9 3219 Protein
#      6863:   15:        TAC1 6863 Protein
#     79977:   15:      GRHL2 79977 Protein
#      9014:   16:       TAF1B 9014 Protein
#    161514:   17:   TBC1D21 161514 Protein
#     55193:   17:      PBRM1 55193 Protein
#     57510:   18:       XPO5 57510 Protein
#      6376:   19:      CX3CL1 6376 Protein
#     57611:   20:      ISLR2 57611 Protein
#     80005:   20:      DOCK5 80005 Protein
#     54821:   20:     ERCC6L 54821 Protein
#      2296:   21:       FOXC1 2296 Protein
#      5347:   22:        PLK1 5347 Protein
#      7280:   25:      TUBB2A 7280 Protein
#      5305:   26:     PIP4K2A 5305 Protein
******Input Information******
Top-10 Bootstrap
Train File:	data/UC/GSE14580/GSE14580_data.txt
Network File:	data/kb/string.ents | data/kb/string.rels
Lambda:	1.0E-5		Learning Rate:	0.005
Max Iteration:	2000
Random Edge:	true
Regularization Type:	(standard)l2-l1
Edge Selected:	(standard)All
*****************************
eNum: 177450
data/UC/GSE14580/GSE14580_data.txt raw data have 15595 labels.
selected data have 5578 labels.
Edge number: 15270
standardize end
#      1808:    1:      DPYSL2 1808 Protein
#    253260:    1:    RICTOR 253260 Protein
#    374955:    1:   SPATA21 374955 Protein
#       654:    1:         BMP6 654 Protein
#      1123:    1:        CHN1 1123 Protein
#      8986:    1:     RPS6KA4 8986 Protein
#      1408:    1:        CRY2 1408 Protein
#      1842:    1:        ECM2 1842 Protein
#     80233:    1:   C17orf70 80233 Protein
#    375287:    1:     RBM43 375287 Protein
#     55366:    1:       LGR4 55366 Protein
#     25937:    1:      WWTR1 25937 Protein
#     84364:    1:    ARFGAP2 84364 Protein
#     51284:    1:       TLR7 51284 Protein
#      1370:    1:        CPN2 1370 Protein
#      4958:    1:         OMD 4958 Protein
#      3013:    1:   HIST1H2AD 3013 Protein
#      3955:    1:        LFNG 3955 Protein
#     10627:    1:     MYL12A 10627 Protein
#     11214:    1:     AKAP13 11214 Protein
#    221895:    1:     JAZF1 221895 Protein
#     22999:    1:      RIMS1 22999 Protein
#      6272:    1:       SORT1 6272 Protein
#     55957:    1:      LIN37 55957 Protein
#      4488:    1:        MSX2 4488 Protein
#     11317:    1:      RBPJL 11317 Protein
#     54922:    1:     RASIP1 54922 Protein
#      3355:    1:       HTR1F 3355 Protein
#    223117:    1:    SEMA3D 223117 Protein
#     84289:    1:       ING5 84289 Protein
#     11097:    1:      NUPL2 11097 Protein
#      5573:    1:     PRKAR1A 5573 Protein
#    154810:    1:    AMOTL1 154810 Protein
#     79977:    1:      GRHL2 79977 Protein
#      7296:    1:      TXNRD1 7296 Protein
#      3667:    1:        IRS1 3667 Protein
#        86:    1:        ACTL6A 86 Protein
#    284382:    1:     ACTL9 284382 Protein
#     27352:    1:      SGSM3 27352 Protein
#     89884:    1:       LHX4 89884 Protein
#       391:    1:         RHOG 391 Protein
#        58:    1:         ACTA1 58 Protein
#     26086:    1:      GPSM1 26086 Protein
#        59:    1:         ACTA2 59 Protein
#     79861:    1:     TUBAL3 79861 Protein
#     58158:    1:    NEUROD4 58158 Protein
#     51303:    1:     FKBP11 51303 Protein
#      8800:    1:      PEX11A 8800 Protein
#      5170:    1:       PDPK1 5170 Protein
#    171177:    1:      RHOV 171177 Protein
#      3400:    1:         ID4 3400 Protein
#      7301:    1:       TYRO3 7301 Protein
#      3574:    1:         IL7 3574 Protein
#     11251:    1:     PTGDR2 11251 Protein
#      4780:    1:      NFE2L2 4780 Protein
#      5328:    1:        PLAU 5328 Protein
#      1237:    1:        CCR8 1237 Protein
#      5777:    1:       PTPN6 5777 Protein
#      3691:    1:       ITGB4 3691 Protein
#      5468:    1:       PPARG 5468 Protein
#     57402:    1:    S100A14 57402 Protein
#      5306:    1:      PITPNA 5306 Protein
#     54961:    1:       SSH3 54961 Protein
#      3918:    1:       LAMC2 3918 Protein
#      1845:    1:       DUSP3 1845 Protein
#      5747:    1:        PTK2 5747 Protein
#     53407:    1:      STX18 53407 Protein
#      7068:    1:        THRB 7068 Protein
#      1969:    1:       EPHA2 1969 Protein
#     10490:    1:      VTI1B 10490 Protein
#      4049:    1:         LTA 4049 Protein
#     54503:    2:    ZDHHC13 54503 Protein
#    139285:    2:     AMER1 139285 Protein
#      5593:    2:       PRKG2 5593 Protein
#     63943:    2:      FKBPL 63943 Protein
#      8336:    2:   HIST1H2AM 8336 Protein
#      3211:    2:       HOXB1 3211 Protein
#      2322:    2:        FLT3 2322 Protein
#      6907:    2:       TBL1X 6907 Protein
#      4826:    2:        NNAT 4826 Protein
#      3123:    2:    HLA-DRB1 3123 Protein
#     65999:    2:     LRRC61 65999 Protein
#      1981:    2:      EIF4G1 1981 Protein
#      1557:    2:     CYP2C19 1557 Protein
#      2197:    2:         FAU 2197 Protein
#     55850:    2:       USE1 55850 Protein
#     10735:    2:      STAG2 10735 Protein
#      9546:    3:       APBA3 9546 Protein
#       394:    3:      ARHGAP5 394 Protein
#     64806:    3:       IL25 64806 Protein
#     51434:    3:     ANAPC7 51434 Protein
#      7471:    3:        WNT1 7471 Protein
#      7319:    3:       UBE2A 7319 Protein
#      4544:    3:      MTNR1B 4544 Protein
#     64326:    3:      RFWD2 64326 Protein
#       213:    3:          ALB 213 Protein
#      2960:    3:      GTF2E1 2960 Protein
#      2044:    3:       EPHA5 2044 Protein
#     22913:    3:       RALY 22913 Protein
#    343069:    3:  HNRNPCL1 343069 Protein
#     51428:    4:      DDX41 51428 Protein
#      2187:    4:       FANCB 2187 Protein
#      3456:    4:       IFNB1 3456 Protein
#      4542:    4:       MYO1F 4542 Protein
#     10765:    4:      KDM5B 10765 Protein
#    153020:    4:  RASGEF1B 153020 Protein
#      2911:    4:        GRM1 2911 Protein
#      9572:    4:       NR1D1 9572 Protein
#      3303:    4:      HSPA1A 3303 Protein
#      1436:    4:       CSF1R 1436 Protein
#     57534:    5:       MIB1 57534 Protein
#      8738:    5:       CRADD 8738 Protein
#      8395:    5:     PIP5K1B 8395 Protein
#      5479:    5:        PPIB 5479 Protein
#       301:    5:        ANXA1 301 Protein
#     11132:    5:     CAPN10 11132 Protein
#     55357:    5:     TBC1D2 55357 Protein
#      1902:    5:       LPAR1 1902 Protein
#     23551:    5:      RASD2 23551 Protein
#    256076:    5:    COL6A5 256076 Protein
#      9656:    6:        MDC1 9656 Protein
#     51422:    6:     PRKAG2 51422 Protein
#      4686:    6:       NCBP1 4686 Protein
#      5626:    6:       PROP1 5626 Protein
#    115399:    6:    LRRC56 115399 Protein
#    160760:    6:     PPTC7 160760 Protein
#     51655:    6:      RASD1 51655 Protein
#    154288:    6:    KHDC3L 154288 Protein
#     26271:    6:      FBXO5 26271 Protein
#       801:    6:        CALM1 801 Protein
#     10637:    7:     LEFTY1 10637 Protein
#    347731:    7:    LRRTM3 347731 Protein
#      5594:    7:       MAPK1 5594 Protein
#    286826:    7:      LIN9 286826 Protein
#    254272:    7:   TBC1D28 254272 Protein
#      5792:    7:       PTPRF 5792 Protein
#        34:    7:         ACADM 34 Protein
#      1280:    7:      COL2A1 1280 Protein
#      8438:    7:      RAD54L 8438 Protein
#    131873:    7:    COL6A6 131873 Protein
#     55870:    7:      ASH1L 55870 Protein
#     93986:    7:      FOXP2 93986 Protein
#     84271:    8:    POLDIP3 84271 Protein
#      6422:    8:       SFRP1 6422 Protein
#      2049:    8:       EPHB3 2049 Protein
#     54952:    8:   TRNAU1AP 54952 Protein
#      9739:    8:      SETD1A 9739 Protein
#       356:    9:        FASLG 356 Protein
#      5583:    9:       PRKCH 5583 Protein
#      6464:    9:        SHC1 6464 Protein
#      4294:    9:     MAP3K10 4294 Protein
#       969:    9:         CD69 969 Protein
#      5902:   10:      RANBP1 5902 Protein
#     27128:   10:      CYTH4 27128 Protein
#      9781:   11:     RNF144A 9781 Protein
#       898:   11:        CCNE1 898 Protein
#      4635:   12:        MYL4 4635 Protein
#       545:   12:          ATR 545 Protein
#      9547:   12:      CXCL14 9547 Protein
#      3007:   13:    HIST1H1D 3007 Protein
#     79414:   13:      LRFN3 79414 Protein
#      4193:   13:        MDM2 4193 Protein
#     23314:   13:      SATB2 23314 Protein
#    283455:   13:      KSR2 283455 Protein
#     23216:   14:     TBC1D1 23216 Protein
#     90990:   15:      KIFC2 90990 Protein
#     79935:   15:      CNTD2 79935 Protein
#     11065:   15:      UBE2C 11065 Protein
#      8022:   15:        LHX3 8022 Protein
#      3441:   15:       IFNA4 3441 Protein
#      4855:   16:      NOTCH4 4855 Protein
#      5062:   16:        PAK2 5062 Protein
#      7343:   16:        UBTF 7343 Protein
#      8456:   16:       FOXN1 8456 Protein
#      7044:   17:      LEFTY2 7044 Protein
#      4664:   17:        NAB1 4664 Protein
#     55215:   18:      FANCI 55215 Protein
#      2149:   19:         F2R 2149 Protein
#       152:   19:       ADRA2C 152 Protein
#      2978:   19:      GUCA1A 2978 Protein
#      7052:   21:        TGM2 7052 Protein
#    283748:   23:   PLA2G4D 283748 Protein
#      3913:   24:       LAMB2 3913 Protein
#     79598:   26:      CEP97 79598 Protein
#     11213:   27:      IRAK3 11213 Protein
#      1278:   27:      COL1A2 1278 Protein
#      5047:   27:        PAEP 5047 Protein
#      1230:   28:        CCR1 1230 Protein
#       369:   31:         ARAF 369 Protein
******Input Information******
Top-10 Bootstrap
Train File:	data/Rejection/GSE21374/GSE21374_data.txt
Network File:	data/kb/string.ents | data/kb/string.rels
Lambda:	1.0E-5		Learning Rate:	0.005
Max Iteration:	2000
Random Edge:	true
Regularization Type:	(standard)l2-l1
Edge Selected:	(standard)All
*****************************
eNum: 177450
data/Rejection/GSE21374/GSE21374_data.txt raw data have 18090 labels.
selected data have 5532 labels.
Edge number: 15153
standardize end
#     26086:   24:      GPSM1 26086 Protein
#     51303:   28:     FKBP11 51303 Protein
#     10633:   28:    RASL10A 10633 Protein
#      2299:   28:       FOXI1 2299 Protein
#     84859:   29:      LRCH3 84859 Protein
#      5146:   29:       PDE6C 5146 Protein
#      7099:   31:        TLR4 7099 Protein
#      5160:   33:       PDHA1 5160 Protein
#     11261:   33:       CHP1 11261 Protein
#      9968:   33:       MED12 9968 Protein
#     91807:   34:      MYLK3 91807 Protein
#     11040:   35:       PIM2 11040 Protein
#      6788:   37:        STK3 6788 Protein
#      6872:   99:        TAF1 6872 Protein
#     28996:   99:      HIPK2 28996 Protein
#       377:  100:         ARF3 377 Protein
#     85301:  100:    COL27A1 85301 Protein
#      5020:  100:         OXT 5020 Protein
#      7263:  100:         TST 7263 Protein
#      6093:  100:       ROCK1 6093 Protein
******Input Information******
Top-10 Bootstrap
Train File:	data/UC/GSE12251/GSE12251_data.txt
Network File:	data/kb/string.ents | data/kb/string.rels
Lambda:	1.0E-5		Learning Rate:	0.005
Max Iteration:	2000
Random Edge:	true
Regularization Type:	(standard)l2-l1
Edge Selected:	(standard)All
*****************************
eNum: 177450
data/UC/GSE12251/GSE12251_data.txt raw data have 15262 labels.
selected data have 5795 labels.
Edge number: 15619
standardize end
#    346562:    1:     GNAT3 346562 Protein
#      6118:    1:        RPA2 6118 Protein
#     81693:    1:        AMN 81693 Protein
#     92235:    1:     DUSP27 92235 Protein
#     84166:    1:      NLRC5 84166 Protein
#      5966:    1:         REL 5966 Protein
#      9785:    1:       DHX38 9785 Protein
#      5160:    1:       PDHA1 5160 Protein
#      3661:    1:        IRF3 3661 Protein
#     27436:    1:       EML4 27436 Protein
#      2268:    1:         FGR 2268 Protein
#      8549:    1:        LGR5 8549 Protein
#       633:    1:          BGN 633 Protein
#       652:    1:         BMP4 652 Protein
#      4636:    1:        MYL5 4636 Protein
#     10109:    1:      ARPC2 10109 Protein
#     84125:    1:     LRRIQ1 84125 Protein
#    145581:    1:     LRFN5 145581 Protein
#     11329:    1:      STK38 11329 Protein
#    401387:    1:     LRRD1 401387 Protein
#     55930:    1:      MYO5C 55930 Protein
#      8351:    1:    HIST1H3D 8351 Protein
#     84231:    1:      TRAF7 84231 Protein
#      1019:    1:        CDK4 1019 Protein
#       973:    1:        CD79A 973 Protein
#       828:    1:         CAPS 828 Protein
#      7080:    1:      NKX2-1 7080 Protein
#      9112:    1:        MTA1 9112 Protein
#      6868:    1:      ADAM17 6868 Protein
#      5879:    1:        RAC1 5879 Protein
#      1993:    1:      ELAVL2 1993 Protein
#     54952:    1:   TRNAU1AP 54952 Protein
#     10125:    1:    RASGRP1 10125 Protein
#      8323:    1:        FZD6 8323 Protein
#     51366:    1:       UBR5 51366 Protein
#     89910:    1:      UBE3B 89910 Protein
#     92815:    1:   HIST3H2A 92815 Protein
#     57531:    1:      HACE1 57531 Protein
#      4605:    1:       MYBL2 4605 Protein
#     27295:    1:     PDLIM3 27295 Protein
#     10494:    1:      STK25 10494 Protein
#      4691:    1:         NCL 4691 Protein
#       109:    1:        ADCY3 109 Protein
#      2295:    1:       FOXF2 2295 Protein
#       929:    1:         CD14 929 Protein
#     54556:    1:       ING3 54556 Protein
#      5296:    1:      PIK3R2 5296 Protein
#      3916:    1:       LAMP1 3916 Protein
#      5957:    1:       RCVRN 5957 Protein
#    728957:    1:   ZNF705D 728957 Protein
#      3224:    1:       HOXC8 3224 Protein
#     64744:    1:      SMAP2 64744 Protein
#     55801:    1:       IL26 55801 Protein
#      3006:    1:    HIST1H1C 3006 Protein
#     23774:    1:       BRD1 23774 Protein
#      3070:    1:       HELLS 3070 Protein
#     10152:    2:       ABI2 10152 Protein
#       898:    2:        CCNE1 898 Protein
#      9734:    2:       HDAC9 9734 Protein
#      1070:    2:       CETN3 1070 Protein
#     10572:    2:      SIVA1 10572 Protein
#      8764:    2:    TNFRSF14 8764 Protein
#      4627:    2:        MYH9 4627 Protein
#    115399:    2:    LRRC56 115399 Protein
#      6579:    2:     SLCO1A2 6579 Protein
#       326:    2:         AIRE 326 Protein
#      4294:    2:     MAP3K10 4294 Protein
#      3604:    2:     TNFRSF9 3604 Protein
#      2273:    2:        FHL1 2273 Protein
#     10803:    2:       CCR9 10803 Protein
#      4283:    2:       CXCL9 4283 Protein
#     10933:    2:    MORF4L1 10933 Protein
#      2335:    2:         FN1 2335 Protein
#     51765:    2:      STK26 51765 Protein
#    138429:    2:   PIP5KL1 138429 Protein
#      5829:    2:         PXN 5829 Protein
#      8394:    2:     PIP5K1A 8394 Protein
#      7482:    2:       WNT2B 7482 Protein
#      2180:    2:       ACSL1 2180 Protein
#     83931:    2:      STK40 83931 Protein
#    376497:    2:   SLC27A1 376497 Protein
#       216:    2:      ALDH1A1 216 Protein
#    116113:    2:     FOXP4 116113 Protein
#     10120:    2:     ACTR1B 10120 Protein
#     84181:    2:       CHD6 84181 Protein
#      8863:    3:        PER3 8863 Protein
#    254394:    3:      MCM9 254394 Protein
#     56956:    3:       LHX9 56956 Protein
#    116844:    3:      LRG1 116844 Protein
#      4825:    3:      NKX6-1 4825 Protein
#     51421:    3:     AMOTL2 51421 Protein
#     54658:    3:     UGT1A1 54658 Protein
#    142678:    3:      MIB2 142678 Protein
#      1052:    3:       CEBPD 1052 Protein
#      7125:    3:       TNNC2 7125 Protein
#      5626:    3:       PROP1 5626 Protein
#      5563:    3:      PRKAA2 5563 Protein
#      1814:    3:        DRD3 1814 Protein
#      6794:    3:       STK11 6794 Protein
#       123:    3:        PLIN2 123 Protein
#      2746:    3:       GLUD1 2746 Protein
#      4927:    3:       NUP88 4927 Protein
#     11266:    3:     DUSP12 11266 Protein
#      2790:    4:       GNG10 2790 Protein
#      4824:    4:      NKX3-1 4824 Protein
#      4647:    4:       MYO7A 4647 Protein
#    192669:    4:      AGO3 192669 Protein
#     64422:    4:       ATG3 64422 Protein
#     11251:    4:     PTGDR2 11251 Protein
#      5337:    4:        PLD1 5337 Protein
#        27:    4:          ABL2 27 Protein
#      1288:    4:      COL4A6 1288 Protein
#     29945:    4:     ANAPC4 29945 Protein
#      6770:    4:        STAR 6770 Protein
#      2042:    4:       EPHA3 2042 Protein
#      7044:    4:      LEFTY2 7044 Protein
#      2487:    4:        FRZB 2487 Protein
#      9320:    4:      TRIP12 9320 Protein
#      2249:    4:        FGF4 2249 Protein
#     91750:    4:      LIN52 91750 Protein
# 100132396:    4:ZNF705B 100132396 Protein
#     23030:    4:      KDM4B 23030 Protein
#      5917:    5:        RARS 5917 Protein
#      1000:    5:        CDH2 1000 Protein
#    286151:    5:    FBXO43 286151 Protein
#    339416:    5:   ANKRD45 339416 Protein
#      5058:    5:        PAK1 5058 Protein
#      2002:    5:        ELK1 2002 Protein
#      1996:    5:      ELAVL4 1996 Protein
#      3169:    5:       FOXA1 3169 Protein
#       596:    5:         BCL2 596 Protein
#      5071:    5:       PARK2 5071 Protein
#      1268:    5:        CNR1 1268 Protein
# 100381270:    5:  ZBED6 100381270 Protein
#    283659:    5:      PRTG 283659 Protein
#     10681:    6:       GNB5 10681 Protein
#     54963:    6:      UCKL1 54963 Protein
#       650:    6:         BMP2 650 Protein
#     50846:    6:        DHH 50846 Protein
#     10212:    6:     DDX39A 10212 Protein
#     90506:    6:     LRRC46 90506 Protein
#      5157:    6:      PDGFRL 5157 Protein
#    340156:    6:     MYLK4 340156 Protein
#      1237:    6:        CCR8 1237 Protein
#     51174:    6:      TUBD1 51174 Protein
#      8697:    6:       CDC23 8697 Protein
#      3013:    6:   HIST1H2AD 3013 Protein
#      4615:    6:       MYD88 4615 Protein
#       112:    6:        ADCY6 112 Protein
#      6272:    6:       SORT1 6272 Protein
#      5139:    6:       PDE3A 5139 Protein
#     80333:    6:     KCNIP4 80333 Protein
#     57722:    6:     IGDCC4 57722 Protein
#     64837:    7:       KLC2 64837 Protein
#      8467:    7:     SMARCA5 8467 Protein
#     23513:    7:      SCRIB 23513 Protein
#     25819:    7:     CCRN4L 25819 Protein
#     23049:    7:       SMG1 23049 Protein
#     10893:    7:      MMP24 10893 Protein
#      9117:    7:      SEC22C 9117 Protein
#      6830:    7:      SUPT6H 6830 Protein
#    259217:    8:   HSPA12A 259217 Protein
#      7444:    8:        VRK2 7444 Protein
#      5063:    8:        PAK3 5063 Protein
#      2065:    8:       ERBB3 2065 Protein
#     91860:    8:     CALML4 91860 Protein
#       928:    8:          CD9 928 Protein
#      2306:    8:       FOXD2 2306 Protein
#      1975:    9:       EIF4B 1975 Protein
#     55661:    9:      DDX27 55661 Protein
#      1050:    9:       CEBPA 1050 Protein
#     11328:    9:      FKBP9 11328 Protein
#      4176:   10:        MCM7 4176 Protein
#      5080:   10:        PAX6 5080 Protein
#    116984:   10:     ARAP2 116984 Protein
#     23462:   11:       HEY1 23462 Protein
#      6899:   12:        TBX1 6899 Protein
#      1459:   12:     CSNK2A2 1459 Protein
#    221079:   12:     ARL5B 221079 Protein
#      1374:   12:       CPT1A 1374 Protein
#     85480:   12:       TSLP 85480 Protein
#      6009:   13:        RHEB 6009 Protein
#      8912:   13:     CACNA1H 8912 Protein
#       632:   13:        BGLAP 632 Protein
#      2045:   13:       EPHA7 2045 Protein
#       653:   13:         BMP5 653 Protein
#      5516:   13:      PPP2CB 5516 Protein
#      7458:   14:       EIF4H 7458 Protein
#      1293:   14:      COL6A3 1293 Protein
#      6688:   14:        SPI1 6688 Protein
#      5924:   14:     RASGRF2 5924 Protein
#    128553:   14:     TSHZ2 128553 Protein
#      3219:   15:       HOXB9 3219 Protein
#      6863:   15:        TAC1 6863 Protein
#     79977:   15:      GRHL2 79977 Protein
#      9014:   16:       TAF1B 9014 Protein
#    161514:   17:   TBC1D21 161514 Protein
#     55193:   17:      PBRM1 55193 Protein
#     57510:   18:       XPO5 57510 Protein
#      6376:   19:      CX3CL1 6376 Protein
#     57611:   20:      ISLR2 57611 Protein
#     80005:   20:      DOCK5 80005 Protein
#     54821:   20:     ERCC6L 54821 Protein
#      2296:   21:       FOXC1 2296 Protein
#      5347:   22:        PLK1 5347 Protein
#      7280:   25:      TUBB2A 7280 Protein
#      5305:   26:     PIP4K2A 5305 Protein
******Input Information******
Top-10 Bootstrap
Train File:	data/UC/GSE14580/GSE14580_data.txt
Network File:	data/kb/string.ents | data/kb/string.rels
Lambda:	1.0E-5		Learning Rate:	0.005
Max Iteration:	2000
Random Edge:	true
Regularization Type:	(standard)l2-l1
Edge Selected:	(standard)All
*****************************
eNum: 177450
data/UC/GSE14580/GSE14580_data.txt raw data have 15595 labels.
selected data have 5578 labels.
Edge number: 15270
standardize end
#      1808:    1:      DPYSL2 1808 Protein
#    253260:    1:    RICTOR 253260 Protein
#    374955:    1:   SPATA21 374955 Protein
#       654:    1:         BMP6 654 Protein
#      1123:    1:        CHN1 1123 Protein
#      8986:    1:     RPS6KA4 8986 Protein
#      1408:    1:        CRY2 1408 Protein
#      1842:    1:        ECM2 1842 Protein
#     80233:    1:   C17orf70 80233 Protein
#    375287:    1:     RBM43 375287 Protein
#     55366:    1:       LGR4 55366 Protein
#     25937:    1:      WWTR1 25937 Protein
#     84364:    1:    ARFGAP2 84364 Protein
#     51284:    1:       TLR7 51284 Protein
#      1370:    1:        CPN2 1370 Protein
#      4958:    1:         OMD 4958 Protein
#      3013:    1:   HIST1H2AD 3013 Protein
#      3955:    1:        LFNG 3955 Protein
#     10627:    1:     MYL12A 10627 Protein
#     11214:    1:     AKAP13 11214 Protein
#    221895:    1:     JAZF1 221895 Protein
#     22999:    1:      RIMS1 22999 Protein
#      6272:    1:       SORT1 6272 Protein
#     55957:    1:      LIN37 55957 Protein
#      4488:    1:        MSX2 4488 Protein
#     11317:    1:      RBPJL 11317 Protein
#     54922:    1:     RASIP1 54922 Protein
#      3355:    1:       HTR1F 3355 Protein
#    223117:    1:    SEMA3D 223117 Protein
#     84289:    1:       ING5 84289 Protein
#     11097:    1:      NUPL2 11097 Protein
#      5573:    1:     PRKAR1A 5573 Protein
#    154810:    1:    AMOTL1 154810 Protein
#     79977:    1:      GRHL2 79977 Protein
#      7296:    1:      TXNRD1 7296 Protein
#      3667:    1:        IRS1 3667 Protein
#        86:    1:        ACTL6A 86 Protein
#    284382:    1:     ACTL9 284382 Protein
#     27352:    1:      SGSM3 27352 Protein
#     89884:    1:       LHX4 89884 Protein
#       391:    1:         RHOG 391 Protein
#        58:    1:         ACTA1 58 Protein
#     26086:    1:      GPSM1 26086 Protein
#        59:    1:         ACTA2 59 Protein
#     79861:    1:     TUBAL3 79861 Protein
#     58158:    1:    NEUROD4 58158 Protein
#     51303:    1:     FKBP11 51303 Protein
#      8800:    1:      PEX11A 8800 Protein
#      5170:    1:       PDPK1 5170 Protein
#    171177:    1:      RHOV 171177 Protein
#      3400:    1:         ID4 3400 Protein
#      7301:    1:       TYRO3 7301 Protein
#      3574:    1:         IL7 3574 Protein
#     11251:    1:     PTGDR2 11251 Protein
#      4780:    1:      NFE2L2 4780 Protein
#      5328:    1:        PLAU 5328 Protein
#      1237:    1:        CCR8 1237 Protein
#      5777:    1:       PTPN6 5777 Protein
#      3691:    1:       ITGB4 3691 Protein
#      5468:    1:       PPARG 5468 Protein
#     57402:    1:    S100A14 57402 Protein
#      5306:    1:      PITPNA 5306 Protein
#     54961:    1:       SSH3 54961 Protein
#      3918:    1:       LAMC2 3918 Protein
#      1845:    1:       DUSP3 1845 Protein
#      5747:    1:        PTK2 5747 Protein
#     53407:    1:      STX18 53407 Protein
#      7068:    1:        THRB 7068 Protein
#      1969:    1:       EPHA2 1969 Protein
#     10490:    1:      VTI1B 10490 Protein
#      4049:    1:         LTA 4049 Protein
#     54503:    2:    ZDHHC13 54503 Protein
#    139285:    2:     AMER1 139285 Protein
#      5593:    2:       PRKG2 5593 Protein
#     63943:    2:      FKBPL 63943 Protein
#      8336:    2:   HIST1H2AM 8336 Protein
#      3211:    2:       HOXB1 3211 Protein
#      2322:    2:        FLT3 2322 Protein
#      6907:    2:       TBL1X 6907 Protein
#      4826:    2:        NNAT 4826 Protein
#      3123:    2:    HLA-DRB1 3123 Protein
#     65999:    2:     LRRC61 65999 Protein
#      1981:    2:      EIF4G1 1981 Protein
#      1557:    2:     CYP2C19 1557 Protein
#      2197:    2:         FAU 2197 Protein
#     55850:    2:       USE1 55850 Protein
#     10735:    2:      STAG2 10735 Protein
#      9546:    3:       APBA3 9546 Protein
#       394:    3:      ARHGAP5 394 Protein
#     64806:    3:       IL25 64806 Protein
#     51434:    3:     ANAPC7 51434 Protein
#      7471:    3:        WNT1 7471 Protein
#      7319:    3:       UBE2A 7319 Protein
#      4544:    3:      MTNR1B 4544 Protein
#     64326:    3:      RFWD2 64326 Protein
#       213:    3:          ALB 213 Protein
#      2960:    3:      GTF2E1 2960 Protein
#      2044:    3:       EPHA5 2044 Protein
#     22913:    3:       RALY 22913 Protein
#    343069:    3:  HNRNPCL1 343069 Protein
#     51428:    4:      DDX41 51428 Protein
#      2187:    4:       FANCB 2187 Protein
#      3456:    4:       IFNB1 3456 Protein
#      4542:    4:       MYO1F 4542 Protein
#     10765:    4:      KDM5B 10765 Protein
#    153020:    4:  RASGEF1B 153020 Protein
#      2911:    4:        GRM1 2911 Protein
#      9572:    4:       NR1D1 9572 Protein
#      3303:    4:      HSPA1A 3303 Protein
#      1436:    4:       CSF1R 1436 Protein
#     57534:    5:       MIB1 57534 Protein
#      8738:    5:       CRADD 8738 Protein
#      8395:    5:     PIP5K1B 8395 Protein
#      5479:    5:        PPIB 5479 Protein
#       301:    5:        ANXA1 301 Protein
#     11132:    5:     CAPN10 11132 Protein
#     55357:    5:     TBC1D2 55357 Protein
#      1902:    5:       LPAR1 1902 Protein
#     23551:    5:      RASD2 23551 Protein
#    256076:    5:    COL6A5 256076 Protein
#      9656:    6:        MDC1 9656 Protein
#     51422:    6:     PRKAG2 51422 Protein
#      4686:    6:       NCBP1 4686 Protein
#      5626:    6:       PROP1 5626 Protein
#    115399:    6:    LRRC56 115399 Protein
#    160760:    6:     PPTC7 160760 Protein
#     51655:    6:      RASD1 51655 Protein
#    154288:    6:    KHDC3L 154288 Protein
#     26271:    6:      FBXO5 26271 Protein
#       801:    6:        CALM1 801 Protein
#     10637:    7:     LEFTY1 10637 Protein
#    347731:    7:    LRRTM3 347731 Protein
#      5594:    7:       MAPK1 5594 Protein
#    286826:    7:      LIN9 286826 Protein
#    254272:    7:   TBC1D28 254272 Protein
#      5792:    7:       PTPRF 5792 Protein
#        34:    7:         ACADM 34 Protein
#      1280:    7:      COL2A1 1280 Protein
#      8438:    7:      RAD54L 8438 Protein
#    131873:    7:    COL6A6 131873 Protein
#     55870:    7:      ASH1L 55870 Protein
#     93986:    7:      FOXP2 93986 Protein
#     84271:    8:    POLDIP3 84271 Protein
#      6422:    8:       SFRP1 6422 Protein
#      2049:    8:       EPHB3 2049 Protein
#     54952:    8:   TRNAU1AP 54952 Protein
#      9739:    8:      SETD1A 9739 Protein
#       356:    9:        FASLG 356 Protein
#      5583:    9:       PRKCH 5583 Protein
#      6464:    9:        SHC1 6464 Protein
#      4294:    9:     MAP3K10 4294 Protein
#       969:    9:         CD69 969 Protein
#      5902:   10:      RANBP1 5902 Protein
#     27128:   10:      CYTH4 27128 Protein
#      9781:   11:     RNF144A 9781 Protein
#       898:   11:        CCNE1 898 Protein
#      4635:   12:        MYL4 4635 Protein
#       545:   12:          ATR 545 Protein
#      9547:   12:      CXCL14 9547 Protein
#      3007:   13:    HIST1H1D 3007 Protein
#     79414:   13:      LRFN3 79414 Protein
#      4193:   13:        MDM2 4193 Protein
#     23314:   13:      SATB2 23314 Protein
#    283455:   13:      KSR2 283455 Protein
#     23216:   14:     TBC1D1 23216 Protein
#     90990:   15:      KIFC2 90990 Protein
#     79935:   15:      CNTD2 79935 Protein
#     11065:   15:      UBE2C 11065 Protein
#      8022:   15:        LHX3 8022 Protein
#      3441:   15:       IFNA4 3441 Protein
#      4855:   16:      NOTCH4 4855 Protein
#      5062:   16:        PAK2 5062 Protein
#      7343:   16:        UBTF 7343 Protein
#      8456:   16:       FOXN1 8456 Protein
#      7044:   17:      LEFTY2 7044 Protein
#      4664:   17:        NAB1 4664 Protein
#     55215:   18:      FANCI 55215 Protein
#      2149:   19:         F2R 2149 Protein
#       152:   19:       ADRA2C 152 Protein
#      2978:   19:      GUCA1A 2978 Protein
#      7052:   21:        TGM2 7052 Protein
#    283748:   23:   PLA2G4D 283748 Protein
#      3913:   24:       LAMB2 3913 Protein
#     79598:   26:      CEP97 79598 Protein
#     11213:   27:      IRAK3 11213 Protein
#      1278:   27:      COL1A2 1278 Protein
#      5047:   27:        PAEP 5047 Protein
#      1230:   28:        CCR1 1230 Protein
#       369:   31:         ARAF 369 Protein
******Input Information******
Top-10 Bootstrap
Train File:	data/Rejection/GSE21374/GSE21374_data.txt
Network File:	data/kb/string.ents | data/kb/string.rels
Lambda:	1.0E-5		Learning Rate:	0.005
Max Iteration:	2000
Random Edge:	true
Regularization Type:	(standard)l2-l1
Edge Selected:	(standard)All
*****************************
eNum: 177450
data/Rejection/GSE21374/GSE21374_data.txt raw data have 18090 labels.
selected data have 5532 labels.
Edge number: 15153
standardize end
#     26086:   24:      GPSM1 26086 Protein
#     51303:   28:     FKBP11 51303 Protein
#     10633:   28:    RASL10A 10633 Protein
#      2299:   28:       FOXI1 2299 Protein
#     84859:   29:      LRCH3 84859 Protein
#      5146:   29:       PDE6C 5146 Protein
#      7099:   31:        TLR4 7099 Protein
#      5160:   33:       PDHA1 5160 Protein
#     11261:   33:       CHP1 11261 Protein
#      9968:   33:       MED12 9968 Protein
#     91807:   34:      MYLK3 91807 Protein
#     11040:   35:       PIM2 11040 Protein
#      6788:   37:        STK3 6788 Protein
#      6872:   99:        TAF1 6872 Protein
#     28996:   99:      HIPK2 28996 Protein
#       377:  100:         ARF3 377 Protein
#     85301:  100:    COL27A1 85301 Protein
#      5020:  100:         OXT 5020 Protein
#      7263:  100:         TST 7263 Protein
#      6093:  100:       ROCK1 6093 Protein
******Input Information******
Top-10 Bootstrap
Train File:	data/Rejection/GSE50058/GSE50058_data.txt
Network File:	data/kb/string.ents | data/kb/string.rels
Lambda:	1.0E-5		Learning Rate:	0.005
Max Iteration:	2000
Random Edge:	true
Regularization Type:	(standard)l2-l1
Edge Selected:	(standard)All
*****************************
eNum: 177450
data/Rejection/GSE50058/GSE50058_data.txt raw data have 18989 labels.
selected data have 5507 labels.
Edge number: 15090
standardize end
#      7404:    1:         UTY 7404 Protein
#      8366:    1:    HIST1H4B 8366 Protein
#     11197:    1:       WIF1 11197 Protein
#      4543:    1:      MTNR1A 4543 Protein
#      2139:    1:        EYA2 2139 Protein
#     79589:    1:     RNF128 79589 Protein
#      4899:    1:        NRF1 4899 Protein
#     56605:    1:     ERO1LB 56605 Protein
#      7351:    1:        UCP2 7351 Protein
#    255631:    2:   COL24A1 255631 Protein
#       817:    2:       CAMK2D 817 Protein
#       998:    2:        CDC42 998 Protein
#       818:    2:       CAMK2G 818 Protein
#      5753:    2:        PTK6 5753 Protein
#      4488:    2:        MSX2 4488 Protein
#     10537:    2:        UBD 10537 Protein
#     51765:    2:      STK26 51765 Protein
#      3662:    2:        IRF4 3662 Protein
#     65078:    2:      RTN4R 65078 Protein
#    140469:    2:     MYO3B 140469 Protein
#     10542:    2:    LAMTOR5 10542 Protein
#      3553:    2:        IL1B 3553 Protein
#      6629:    2:      SNRPB2 6629 Protein
#        25:    2:          ABL1 25 Protein
#      3909:    3:       LAMA3 3909 Protein
#      6591:    3:       SNAI2 6591 Protein
#     54472:    3:     TOLLIP 54472 Protein
#      7027:    3:       TFDP1 7027 Protein
#      3930:    3:         LBR 3930 Protein
#     83464:    3:      APH1B 83464 Protein
#      2815:    3:         GP9 2815 Protein
#      5533:    3:      PPP3CC 5533 Protein
#     10633:    3:    RASL10A 10633 Protein
#     10983:    3:       CCNI 10983 Protein
#      9543:    3:      IGDCC3 9543 Protein
#      3005:    3:        H1F0 3005 Protein
#      2998:    4:        GYS2 2998 Protein
#      1281:    4:      COL3A1 1281 Protein
#    223117:    4:    SEMA3D 223117 Protein
#      9723:    4:      SEMA3E 9723 Protein
#     26291:    4:      FGF21 26291 Protein
#      1983:    4:        EIF5 1983 Protein
#     11093:    4:   ADAMTS13 11093 Protein
#      5980:    4:       REV3L 5980 Protein
#     83855:    4:      KLF16 83855 Protein
#    343472:    5:    BARHL2 343472 Protein
#    338376:    5:      IFNE 338376 Protein
#      7186:    5:       TRAF2 7186 Protein
#    348995:    5:     NUP43 348995 Protein
#      2002:    5:        ELK1 2002 Protein
#     57520:    5:      HECW2 57520 Protein
#     58480:    5:       RHOU 58480 Protein
#      3430:    5:       IFI35 3430 Protein
#      8638:    5:        OASL 8638 Protein
#      5583:    5:       PRKCH 5583 Protein
#     23493:    6:       HEY2 23493 Protein
#      5146:    6:       PDE6C 5146 Protein
#      4917:    6:        NTN3 4917 Protein
#      3164:    6:       NR4A1 3164 Protein
#     51762:    6:      RAB8B 51762 Protein
#      4299:    6:        AFF1 4299 Protein
#      5626:    7:       PROP1 5626 Protein
#      8450:    8:       CUL4B 8450 Protein
#      7011:    8:        TEP1 7011 Protein
#     23586:   10:      DDX58 23586 Protein
#      7468:   10:       WHSC1 7468 Protein
#     11337:   30:    GABARAP 11337 Protein
#     23762:   31:      OSBP2 23762 Protein
#     10362:   33:     HMG20B 10362 Protein
#       643:   33:        CXCR5 643 Protein
#      7471:   34:        WNT1 7471 Protein
#     56681:   34:      SAR1A 56681 Protein
#      9732:   34:       DOCK4 9732 Protein
#     50507:   34:       NOX4 50507 Protein
#      3659:   35:        IRF1 3659 Protein
#      6932:   36:        TCF7 6932 Protein
#     64837:   37:       KLC2 64837 Protein
#      7529:   38:       YWHAB 7529 Protein
#      7013:   38:       TERF1 7013 Protein
#      5531:   38:       PPP4C 5531 Protein
#     10093:   39:      ARPC4 10093 Protein
#       901:   39:        CCNG2 901 Protein
#      1436:   41:       CSF1R 1436 Protein
#      9440:   41:       MED17 9440 Protein
#      7076:   67:       TIMP1 7076 Protein
#    117584:   73:      RFFL 117584 Protein
#     84557:   75:   MAP1LC3A 84557 Protein
